012700010010	92.46346	23.877527	593.000368252251	1396.39816452399	1396.40502795418		22
012700030010	94.35438	24.383472	3573.00219932731	1396.48635902297	1396.52771321509		98
012700040010	96.1945	23.303528	3573.00219944518	1396.52904423443	1396.57039842655		22
012700050010	96.08142	21.306334	9004.0055345693	1396.57185676078	1396.6760697878		22
012700050020	96.08142	21.306334	4511.00277153964	1396.6760697878	1396.72828046802		22
012700050130	95.895744	22.639723	15484.0095845451	1397.69491300786	1397.87412608176		22
012700050140	95.895744	22.639723	9888.00613906715	1397.87412608176	1397.98857059725		22
012700050150	95.895744	22.639723	9024.005602541	1397.98857059725	1398.09301510654		22
012700050160	95.895744	22.639723	9064.00563055431	1398.09301510654	1398.19792257912		22
012700050170	95.895744	22.639723	9008.00560579446	1398.19792257912	1398.30218190326		22
012700050180	95.895744	22.639723	9008.00561369178	1398.30218190326	1398.40644122749		22
012700050190	95.895744	22.639723	9000.00562541609	1398.40644122749	1398.51060795927		22
012700050200	95.895744	22.639723	1641.0010271371	1398.51060795927	1398.52960102671		22
012800450010	288.92557	11.000417	3216.0016205431	1400.5805511559	1400.61777339688		22
012800460010	290.31467	12.467472	3200.00161252028	1400.61910441608	1400.65614147178		22
012800470010	290.91107	10.554694	3201.0016145221	1400.65759980585	1400.69464843565		22
012800480010	289.5283	9.090639	4779.00240863601	1400.69599102892	1400.7513035568		22
012800490010	287.57	9.511556	3200.00161556527	1400.75263457599	1400.78967163172		98
012800500010	286.92877	11.409333	3201.00161526861	1400.7911299658	1400.8281785956		98
012800510010	288.28915	12.903139	3201.00161790106	1400.8295096148	1400.86655824463		98
012800520010	288.9252	11.002	4588.00232006106	1400.86801657869	1400.9211184574		22
012800530010	290.2915	12.489667	3201.00161843147	1400.92244947659	1400.95949810643		22
012800540010	290.91687	10.5855	3202.0016179973	1400.96095644051	1400.99801664442		22
012800550010	289.5562	9.101556	3201.00161935479	1400.9993476636	1401.03639629346		22
012800560010	287.5724	9.509611	3201.00161976734	1401.03772731265	1401.07477594251		22
012800570010	286.92804	11.406055	3201.00162082817	1401.07623427658	1401.11328290645		22
012800580010	288.28577	12.902333	4278.00216253163	1401.11461392564	1401.16412783955		22
012800590010	288.92496	11.002666	3201.00162029776	1401.16558617363	1401.20263480349		22
012800600010	290.2877	12.493222	3201.00162249801	1401.20396582268	1401.24101445257		22
012800610010	290.91754	10.590834	3201.00162021918	1401.24247278664	1401.2795214165		22
012800620010	289.56088	9.103416	3201.00162065137	1401.28085243569	1401.31790106556		22
012800630010	287.57584	9.506583	3200.00162244105	1401.31923208476	1401.35626914058		22
012800640010	286.92694	11.4019165	3202.00162106194	1401.35772747466	1401.39478767861		22
012800650010	288.2808	12.900917	3201.00162239978	1401.3961186978	1401.43316732769		98
012800740010	290.28775	12.493167	3201.00162660383	1401.74204479934	1401.77909342928		22
012800750010	290.91766	10.5905	915.000464720652	1401.78055176335	1401.79114204651		22
012800770010	287.58536	9.493111	3364.0017115802	1401.87005412371	1401.9089893287		22
012800780010	286.92413	11.390417	3040.00154751702	1401.91044766277	1401.94563286587		22
012800790010	288.26797	12.897833	9002.00457575556	1401.94882731194	1402.05301717971		22
012800790020	288.26797	12.897833	2098.00106709445	1402.05301717971	1402.07729959947		22
012800800010	310.37442	34.99186	650.000329929753	1402.08617691881	1402.09370007077		22
012800810010	310.386	34.949196	2018.00102666602	1402.0947301639	1402.11808665727		22
012900000020	310.3464	34.85625	1702.00087205594	1402.2671029369	1402.28680202106		22
012900010010	118.699455	5.5581946	593.000303894951	1402.3463275146	1402.35319094404		22
012900020010	118.13338	3.4105556	887.000456878741	1402.35452196323	1402.36478817223		22
012900030010	118.132126	3.406861	739.000379318168	1402.36582983943	1402.37438308456		22
012900040010	94.15663	9.167583	649.000334273296	1402.38219558858	1402.38970716652		22
012900050010	94.142044	9.150028	3508.00180718288	1402.39074883371	1402.43135070648		22
012900060010	94.142006	9.150306	8999.00472394438	1402.4323807996	1402.53653594687		22
012900060020	94.142006	9.150306	9000.00499219605	1402.53653594687	1402.64070267131		22
012900060030	94.142006	9.150306	9000.00529213721	1402.64070267131	1402.74486939923		22
012900060040	94.142006	9.150306	9000.00554190483	1402.74486939923	1402.84903613004		22
012900060050	94.142006	9.150306	9000.00573287471	1402.84903613004	1402.95320286306		22
012900060060	94.142006	9.150306	9000.00586339665	1402.95320286306	1403.05736959759		22
012900060070	94.142006	9.150306	9000.00596657264	1403.05736959759	1403.16153633331		22
012900060080	94.142006	9.150306	9000.00606018148	1403.16153633331	1403.26570307012		22
012900060090	94.142006	9.150306	9000.00615848548	1403.26570307012	1403.36986980807		22
012900060100	94.142006	9.150306	9000.00624525783	1403.36986980807	1403.47403654702		22
012900060110	94.142006	9.150306	9000.00632843512	1403.47403654702	1403.57820328693		22
012900060120	94.142006	9.150306	9000.00638245911	1403.57820328693	1403.68237002747		22
012900060130	94.142006	9.150306	4585.0032756236	1403.68237002747	1403.73543719501		22
012900070010	94.142044	9.151361	9006.00646289386	1403.73646728833	1403.84070347424		22
012900070020	94.142044	9.151361	9016.00649786196	1403.84070347424	1403.9450554013		22
012900070030	94.142044	9.151361	9000.0064899963	1403.9450554013	1404.04922214308		22
012900070040	94.142044	9.151361	9168.00662142341	1404.04922214308	1404.15533333083		22
012900070050	94.142044	9.151361	9008.00652496837	1404.15533333083	1404.25959266561		22
012900070060	94.142044	9.151361	9008.00653484985	1404.25959266561	1404.36385200051		22
012900070070	94.142044	9.151361	9000.00653347088	1404.36385200051	1404.46801874279		22
012900070080	94.142044	9.151361	9000.00655297845	1404.46801874279	1404.5721854853		22
012900070090	94.142044	9.151361	9000.00658792706	1404.5721854853	1404.67635222822		22
012900070100	94.142044	9.151361	9000.00661916274	1404.67635222822	1404.7805189715		22
012900070110	94.142044	9.151361	9072.00669703088	1404.7805189715	1404.88551904901		22
012900070120	94.142044	9.151361	3225.00238648718	1404.88551904901	1404.92284546552		22
012900080010	13.948334	65.27475	592.000439723051	1404.96360938465	1404.97046124159		22
012900090010	13.487833	65.101776	790.000585863891	1404.9717922611	1404.9809357864		22
012900100010	13.490208	65.10145	740.000549540855	1404.98197745384	1404.99054227501		22
012900110010	325.02783	76.244	650.000481746974	1404.99674598334	1405.00426913706		22
012900120010	324.9914	76.23006	9002.00656165762	1405.0053108045	1405.10950069526		22
012900120020	324.9914	76.23006	82.0000568870455	1405.10950069526	1405.11044976999		22
