050700000020	299.45493	18.930445	2340.00137881521	2532.70219964952	2532.72928299882		22
050700010010	297.49002	20.169416	3533.00206847198	2532.81539416053	2532.85628538817		22
050700020010	295.57288	21.36875	3533.00206379645	2532.85765112972	2532.89854235731		22
050700030010	293.6029	22.553444	3532.00206061592	2532.90008171006	2532.94096136354		22
050700040010	291.6141	23.699	3532.00205578323	2532.94235025324	2532.98322990666		22
050700050010	290.3705	21.86	3534.00205589714	2532.98474611125	2533.02564891283		22
050700060010	292.34967	20.722666	3532.00205189351	2533.02718826558	2533.06806791895		22
050700070010	294.29144	19.567917	3535.00205200544	2533.06945680865	2533.11037118425		22
050700080010	296.20215	18.37514	3534.00204925711	2533.11174849987	2533.15265130137		22
050700090010	298.0843	17.159027	3534.00204906065	2533.15402861698	2533.19493141847		22
050700100010	296.34653	18.085695	3534.00205165381	2533.19626243776	2533.23716523929		22
050700110010	294.41214	19.238056	3532.00204937893	2533.23855412898	2533.27943378233		22
050700120010	292.4422	20.381195	3533.00204945554	2533.28096156099	2533.32185278841		22
050700130010	290.4471	21.486723	3532.00204658933	2533.32339214115	2533.36427179447		22
050700140010	288.41867	22.563	3534.00204996433	2533.36578799905	2533.40669080056		22
050700150010	289.5952	24.446	3534.00204701757	2533.40821857923	2533.4491213807		22
050700160010	291.64297	23.354279	3532.00204588211	2533.45064915936	2533.49152881267		22
050700170010	293.65503	22.234222	3536.00204893883	2533.49304501725	2533.53397096689		22
050700180010	295.6333	21.085806	3530.00204883283	2533.53551031963	2533.57636682482		22
050700190010	297.56848	19.920918	3534.00204882491	2533.57773256636	2533.61863536785		22
050700200010	298.85336	21.726723	3534.00205306825	2533.62013999836	2533.6610427999		22
050700210010	296.90503	22.910723	3534.00205314683	2533.66239696735	2533.70329976889		22
050700220010	294.89954	24.077806	3535.00205440214	2533.7048043994	2533.74571877503		22
050700230010	292.87683	25.206362	3533.00205424894	2533.74708451657	2533.78797574405		22
050700240010	290.80038	26.3225	3531.00205523515	2533.78952667088	2533.83039475022		22
050700250010	292.04083	28.192028	3534.00205621147	2533.83192252889	2533.87282533047		22
050700260010	294.12354	27.073778	3534.00205790094	2533.87417949792	2533.91508229951		22
050700270010	296.16992	25.918028	3534.00205935468	2533.91643646697	2533.95733926858		22
050700280010	298.1803	24.737944	3533.00206234271	2533.95869343604	2533.99958466361		22
050700290010	300.15887	23.534527	3534.00206100487	2534.00092725699	2534.04183005862		22
050700300010	301.52155	25.312195	3534.00206642691	2534.04334626321	2534.0842490649		22
050700310010	299.5379	26.524834	3646.00213205558	2534.08559165828	2534.12779075703		22
050700320010	297.41153	27.783417	3533.0020680005	2534.14632086047	2534.1872120881		22
050700330010	295.31976	28.91175	3533.00206222484	2534.18856625557	2534.22945748314		22
050700340010	293.16644	30.017195	3532.00204804307	2534.23099683589	2534.27187648923		22
050700350010	293.90466	29.738083	3533.0020432084	2534.2729181565	2534.31380938385		22
050700360010	296.0273	28.613722	3535.00203448202	2534.31532558843	2534.35623996383		22
050700370010	298.1079	27.461695	3533.00203008548	2534.35776774249	2534.39865896969		22
050700380010	300.1449	26.287027	765.000439282448	2534.39998998897	2534.40884416072		22
050700390010	302.1515	25.084694	3533.00202026294	2534.44240899476	2534.48330022185		22
050700400010	300.8224	23.285055	3533.00201558741	2534.48481642643	2534.52570765346		22
050700410010	298.8357	24.4675	3533.00201696256	2534.52722385803	2534.56811508508		22
050700420010	296.81348	25.626444	3533.00201786624	2534.56963128966	2534.61052251671		22
050700430010	294.76166	26.753778	3533.00201436941	2534.61188825824	2534.65277948525		22
050700440010	292.65622	27.863972	3534.00201059558	2534.65429568983	2534.69519849088		22
050700450010	291.4444	25.98175	3533.00201071543	2534.69672626953	2534.7376174965		22
050700460010	293.52084	24.895082	3535.00201008283	2534.73913370106	2534.78004807618		22
050700470010	295.5599	23.779388	3534.00201055629	2534.78156428075	2534.8224670818		22
050700480010	297.56445	22.637833	3534.00200847391	2534.82397171228	2534.8648745133		22
050700490010	299.52756	21.477	3533.00200678641	2534.86622868074	2534.90711990767		22
050700500010	298.2839	19.64425	3533.00200698286	2534.90863611223	2534.94952733917		22
050700510010	296.32755	20.79625	3533.00200505764	2534.95104354373	2534.99193477064		22
050700520010	294.34012	21.92314	3535.0020085898	2534.99343940113	2535.03435377623		22
050700530010	292.328	23.01925	3533.00200627564	2535.0357426659	2535.07663389282		22
050700540010	290.26392	24.09336	3531.00200561166	2535.07818481963	2535.1190528984		22
050700550010	289.1134	22.199055	3535.00200470007	2535.12058067704	2535.16149505209		22
050700560010	291.13904	21.147333	3534.0020045056	2535.16289551586	2535.20379831684		22
050700570010	293.15323	20.057972	3534.00200780598	2535.20530294731	2535.24620574833		22
050700580010	295.12497	18.944805	3533.00200552912	2535.24772195289	2535.28861317981		22
050700590010	297.0671	17.805973	3534.00200670585	2535.29011781029	2535.33102061129		22
050700600010	297.6195	16.886833	9004.00511190528	2535.33206227855	2535.43627530068		22
050700600020	297.6195	16.886833	3400.00193098385	2535.43627530068	2535.47562717488		22
050700610010	297.61887	16.887222	3966.00225703296	2535.47666884214	2535.52257164604		22
050800000020	297.66516	16.886389	2138.0012276335	2535.69091664961	2535.71566203419		22
050800010010	193.267	-42.613388	591.000336961588	2535.77166901076	2535.77850929244		22
050800020010	193.30466	-42.01378	886.000507172139	2535.77985188581	2535.79010652131		22
050800030010	146.92125	-31.235916	650.000372009526	2535.80075467554	2535.80827782799		22
050800050010	144.73036	-30.980278	3494.00199672673	2535.85136813039	2535.89180796831		98
050800060010	145.92004	-29.265472	3494.00199951633	2535.89326630247	2535.93370614043		22
050800070010	148.21225	-29.268362	3494.00200694217	2535.9350371597	2535.97547699775		22
050800080010	149.39671	-30.98525	3495.00201224437	2535.97680801703	2536.01725942921		22
050800090010	148.24985	-32.73197	3494.00201896497	2536.01871776338	2536.05915760156		22
050800100010	145.87262	-32.72911	3494.00202631223	2536.06048862086	2536.10092845913		22
050800110010	146.28625	-31.00025	3493.00203102903	2536.10222475619	2536.14265302043		22
050800120010	143.95311	-30.96236	3495.00203644711	2536.14398403972	2536.18443545218		22
050800130010	145.15742	-29.254972	3493.00203597959	2536.18589378636	2536.22632205067		22
050800140010	147.45375	-29.27825	3493.00204250176	2536.22766464404	2536.26809290842		22
050800150010	148.61911	-30.997389	3494.00204548583	2536.26942392773	2536.30986376622		22
050800160010	147.45616	-32.736027	3494.00205165439	2536.31132210041	2536.35176193897		22
050800170010	145.07947	-32.71825	3495.00205137738	2536.35309295828	2536.39354437091		22
050800180010	146.67033	-30.438389	3494.00205648708	2536.39495640878	2536.43539624739		22
050800190010	144.35909	-30.396416	3494.00205695856	2536.43672726669	2536.47716710532		22
050800200010	145.54675	-28.683834	3494.0020575872	2536.47862543951	2536.51906527814		22
050800210010	147.82617	-28.692972	3493.00206218613	2536.52039629744	2536.56082456205		22
050800220010	148.99684	-30.413334	3493.00206195039	2536.56216715544	2536.60259542005		22
050800230010	147.85825	-32.147972	3493.00206599728	2536.60393801344	2536.64436627809		22
050800240010	145.48845	-32.14753	3493.00206587941	2536.6456972974	2536.68612556205		22
050800250010	147.44241	-30.435612	3494.00206961	2536.68746815545	2536.72790799422		22
050800260010	145.13193	-30.411722	3494.00206913851	2536.72923901353	2536.76967885229		22
050800270010	146.2995	-28.701916	3493.0020675296	2536.77102144568	2536.81144971035		22
050800280010	148.58492	-28.686527	3492.00206867099	2536.81278072965	2536.85319742026		22
050800290010	149.76987	-30.399666	3493.00206772605	2536.85454001364	2536.89496827832		22
050800300010	148.6382	-32.15008	3494.00206792052	2536.89642661251	2536.93686645126		22
050800310010	146.27638	-32.155945	3493.00206957269	2536.93819747056	2536.97862573525		22
050800320010	147.84146	-31.002167	3493.00206607586	2536.97993360639	2537.02036187105		22
050800330010	145.50812	-30.993668	3493.00206485786	2537.02169289036	2537.062121155		22
050800340010	146.68295	-29.27114	3494.00206575956	2537.06357948919	2537.10401932791		22
050800350010	148.97835	-29.263527	3607.00213052187	2537.10535034722	2537.14709805707		22
050800360010	150.18416	-31.013083	3493.00206242187	2537.16476010453	2537.20518836914		22
050800370010	149.00768	-32.75264	3493.00206560438	2537.20664670333	2537.24707496798		22
050800380010	146.63051	-32.731194	3493.00206214684	2537.24841756137	2537.28884582598		22
050800390010	147.44179	-31.588638	3493.00206218613	2537.29000323407	2537.33043149868		22
050800400010	145.09483	-31.53714	3494.00206253777	2537.33177409208	2537.37221393076		22
050800410010	146.31949	-29.836805	3493.0020591215	2537.37367226496	2537.41410052954		22
050800420010	148.62466	-29.866583	3494.00205794082	2537.41543154884	2537.45587138748		22
050800430010	149.78941	-31.597305	3494.00206163409	2537.45720240679	2537.49764224547		22
050800440010	148.60667	-33.330193	3495.00206053199	2537.49910057966	2537.5395519924		22
050800450010	146.21434	-33.299557	3494.00206096616	2537.5408830117	2537.58132285036		22
050800590010	144.57037	-33.275665	3493.00207405176	2538.12592965381	2538.16635791856		98
050800600010	145.87108	-30.397972	3450.0020496198	2538.16789727133	2538.2078278506		22
050800610010	143.09138	-30.491945	3484.00206966908	2538.20976072212	2538.25008482015		22
050800620010	144.78879	-28.617083	3479.00206885388	2538.25171676556	2538.29198299321		22
050800640010	148.19217	-30.414055	9118.00546151935	2538.33509644488	2538.4406289155		22
050800640020	148.19217	-30.414055	2199.00131972681	2538.4406289155	2538.46608031967		22
050800650010	148.18979	-30.419167	4679.00280874892	2538.46712198696	2538.52127711206		22
050900010010	118.52883	-67.562584	591.000354956486	2538.78952958881	2538.79636987069		22
050900020010	117.37433	-67.85467	3493.00209554349	2538.7977124641	2538.83814072909		22
050900030010	112.81078	-66.89303	3493.00208654604	2538.8394833225	2538.87991158739		22
050900040010	117.0835	-65.858475	3494.00208182924	2538.88136992158	2538.92180976049		22
050900050010	121.59609	-66.69869	3494.00206776336	2538.92314077979	2538.96358061854		22
050900060010	122.293236	-68.68047	3494.00206065184	2538.96491163784	2539.00535147651		22
050900070010	117.711464	-69.851585	3494.00205177226	2539.00680981069	2539.04724964925		22
050900080010	112.729126	-68.89261	3495.00204045471	2539.04858066856	2539.08903208106		22
050900090010	115.81042	-67.54911	3494.00203432742	2539.09032837812	2539.13076821648		22
050900100010	111.37137	-66.54578	3493.00202894665	2539.13209923577	2539.17252749999		22
050900110010	115.64579	-65.550476	3495.00202108466	2539.17398583417	2539.21443724645		22
050900120010	120.05705	-66.43278	3493.00201767037	2539.21576826574	2539.25619652983		22
050900130010	120.614136	-68.42114	3493.00201071601	2539.2575391232	2539.29796738721		22
050900140010	116.02908	-69.54105	3493.00200745492	2539.29930998058	2539.33973824455		22
050900150010	111.16738	-68.54386	3493.00200478319	2539.34106926384	2539.38149752779		22
050900160010	117.23679	-67.197975	3494.00200501696	2539.38290956563	2539.42334940366		22
050900170010	112.83508	-66.226166	3494.00200222735	2539.42468042293	2539.46512026091		22
050900180010	116.99979	-65.19319	3493.00200226862	2539.46657859508	2539.50700685899		22
050900190010	121.3902	-66.038086	3493.00199818244	2539.50833787828	2539.54876614214		22
050900200010	122.04658	-68.02147	3494.00199947704	2539.55010873551	2539.59054857347		22
050900210010	117.613335	-69.179886	3493.00199790741	2539.59187959274	2539.63230785661		22
050900220010	112.756996	-68.22575	3493.00199798599	2539.63363887589	2539.67406713975		22
050900230010	118.80104	-67.49075	3494.00199601951	2539.6754097331	2539.71584957102		22
050900240010	114.27583	-66.56036	3493.00199625723	2539.71718059029	2539.75760885414		22
050900250010	118.43354	-65.48814	3494.00199711963	2539.7590671883	2539.79950702623		22
050900260010	122.918045	-66.29075	3495.00199825707	2539.80082647143	2539.84127788344		22
050900270010	123.71142	-68.26722	3493.00199778954	2539.84262047681	2539.88304874067		22
050900280010	119.31183	-69.46892	3493.00199767167	2539.88439133403	2539.9248195979		22
050900290010	114.32067	-68.55967	3493.00199818244	2539.9261390431	2539.96656730697		22
050900300010	118.971954	-68.146774	3495.00199876784	2539.96787517809	2540.00832659011		22
050900310010	114.29129	-67.2273	3494.00199998781	2540.0096460353	2540.05008587327		22
050900320010	118.556335	-66.15303	3493.00199920399	2540.05154420743	2540.09197247131		22
050900330010	123.16733	-66.94886	3608.00206557324	2540.0932919165	2540.13505119967		22
050900340010	123.95492	-68.98155	3494.00199983065	2540.15267852458	2540.19311836254		22
050900350010	119.32804	-70.15317	3495.00200033945	2540.19444938182	2540.23490079387		22
050900360010	114.24133	-69.200806	3493.00199979334	2540.23624338723	2540.27667165111		22
050900370010	117.428246	-68.523834	3493.0020003434	2540.27781748512	2540.31824574901		22
050900380010	112.800995	-67.52067	3494.00200081291	2540.3195767683	2540.36001660627		22
050900390010	117.246796	-66.525055	3494.00200061646	2540.36147494044	2540.40191477841		22
050900400010	121.84004	-67.40153	3495.00200214679	2540.40324579768	2540.44369720975		22
050900410010	122.45858	-69.38311	3493.00200152211	2540.44502822903	2540.48545649294		22
050900420010	117.64442	-70.52216	3494.00200214877	2540.48691482711	2540.5273546651		22
050900430010	112.579544	-69.51914	3494.00200340606	2540.52868568438	2540.56912552239		22
050900440010	115.840294	-68.20367	3494.00200372038	2540.57042181942	2540.61086165743		22
050900450010	111.34758	-67.15903	3495.00200497569	2540.61219267671	2540.6526440888		22
050900460010	115.78734	-66.20358	3493.0020031723	2540.65410242297	2540.6945306869		22
050900470010	120.271866	-67.123276	3493.00200309372	2540.69586170618	2540.73628997011		22
050900480010	120.74939	-69.109	3493.00200470461	2540.73763256348	2540.77806082742		22
050900490010	115.928	-70.19906	3493.0020063548	2540.77940342077	2540.81983168473		22
050900500010	111.0003	-69.154915	3493.00200741563	2540.82116270401	2540.86159096798		22
050900510010	114.180374	-67.867775	3493.00200733705	2540.86287569094	2540.90330395491		22
050900520010	109.82279	-66.7813	3493.00200820144	2540.90463497419	2540.94506323818		22
050900530010	114.25604	-65.86831	3494.00200937816	2540.94652157235	2540.98696141043		22
050900540010	118.62475	-66.83283	3495.00201035844	2540.98828085562	2541.02873226778		22
050900550010	118.96183	-68.829475	3493.00201055885	2541.03006328705	2541.07049155106		22
050900560010	114.116295	-69.86411	3493.00201051956	2541.07183414443	2541.11226240844		22
050900570010	109.34888	-68.7727	3493.00201142323	2541.11359342773	2541.15402169175		22
050900580010	115.71883	-66.846054	3493.00201189471	2541.15556104448	2541.19598930851		22
050900590010	111.500916	-65.78731	3493.00201319129	2541.1973203278	2541.23774859184		22
050900600010	115.70792	-64.83178	3494.00201448589	2541.23920692603	2541.27964676416		22
050900610010	119.94863	-65.758804	3494.00201546814	2541.28096620937	2541.32140604751		22
050900620010	120.34924	-67.7522	9001.00519489206	2541.32274864087	2541.42692694174		22
050900620020	120.34924	-67.7522	2735.00157970993	2541.42692694174	2541.45858205261		22
050900630010	120.35053	-67.75272	3689.00213220622	2541.45962371989	2541.50232050383		22
