027600010010	118.05788	-83.833725	589.00033798709	1842.08724768375	1842.09406481729		22
027600020010	117.33625	-83.84644	742.000425321021	1842.09540741066	1842.10399537854		22
027600030010	118.128334	-35.26939	593.000337664853	1842.11679631178	1842.12365974161		22
027600050010	119.38871	-41.19411	2201.00123886368	1842.15355559186	1842.17903014323		22
027600060010	125.94017	-44.793945	2201.00124037635	1842.18147227422	1842.20694682562		22
027600070010	133.39359	-48.035583	2201.00124672172	1842.20937738255	1842.23485193401		22
027600080010	141.66492	-50.679195	2201.00125548342	1842.23723619462	1842.26271074619		22
027600090010	150.79529	-52.667862	2201.00126381294	1842.26507185865	1842.29054641032		22
027600100010	160.62482	-53.896637	2201.00126868492	1842.2928959487	1842.31837050043		98
027600190010	246.40892	3.2496667	2264.0012461452	1842.57578962769	1842.60199334582		98
027600200010	195.93297	26.46186	593.000324777677	1842.61585909417	1842.62272252385		22
027600210010	196.01904	26.882944	3397.00185466863	1842.62405354309	1842.66337069419		22
027600220010	198.25711	26.828695	3335.00181699419	1842.66479430607	1842.70339386414		22
027600230010	198.33737	28.826471	3335.00182068747	1842.70481747602	1842.74341703413		22
027600240010	196.05458	28.881527	3334.00182917612	1842.74484064601	1842.78342863015		22
027600250010	193.7722	28.897833	3334.00183829144	1842.78477122347	1842.82335920771		22
027600260010	191.49034	28.875029	3334.00185184655	1842.82470180105	1842.86328978545		22
027600270010	189.20421	28.8175	3336.00186859985	1842.86471339736	1842.90332453009		22
027600280010	189.10846	30.8125	3334.00188561645	1842.90466712344	1842.94325510823		22
027600290010	191.44041	30.872194	3334.00190685279	1842.94459770158	1842.98318568662		22
027600300010	193.76712	30.896694	3334.00192970003	1842.98462087262	1843.02320885792		22
027600310010	196.09755	30.879223	3335.00195152374	1843.02463246986	1843.06323202948		22
027600320010	198.42628	30.824612	3335.00196653258	1843.06456304878	1843.10316260857		22
027600330010	198.5268	32.818054	3335.00197680696	1843.10449362788	1843.1430931878		22
027600340010	196.14484	32.877	3333.00198127035	1843.14452837383	1843.18310478565		22
027600350010	193.76297	32.89486	3334.00198452946	1843.18453997169	1843.22312795762		22
027600360010	191.3815	32.871777	3335.00199075497	1843.22456314367	1843.26316270375		22
027600370010	189.00243	32.80886	3334.00199543248	1843.26459788979	1843.30318587584		22
027600380010	191.11075	31.602139	3334.0020071606	1843.30666967422	1843.34525766041		22
027600390010	193.45871	31.661833	3335.00202163705	1843.34670442055	1843.38530398099		22
027600400010	195.80829	31.683777	3335.00203639051	1843.38675074112	1843.42535030173		22
027600410010	198.15729	31.67	4914.00301966496	1843.42668132107	1843.48355635602		22
027600420010	200.50671	31.610834	3335.00205334421	1843.48500311618	1843.52360267698		22
027600430010	200.41708	29.61536	3335.00205218515	1843.52493369631	1843.5635332571		22
027600440010	198.11325	29.667833	3333.00204657062	1843.56498001725	1843.60355642982		22
027600450010	195.8115	29.684694	3334.00204277714	1843.60489902323	1843.64348700984		22
027600460010	193.51054	29.662277	3334.00204036079	1843.64484117734	1843.68342916392		22
027600470010	191.20967	29.604918	3334.00204397549	1843.68487592406	1843.72346391068		22
027600480010	191.29991	27.6085	3334.0020509102	1843.72491067082	1843.76349865752		22
027600490010	193.55637	27.665333	3334.00205961298	1843.76494541766	1843.80353340446		22
027600500010	195.81505	27.685862	3334.00207024097	1843.80498016462	1843.84356815154		22
027600510010	198.0729	27.6695	3334.00207629165	1843.84500333762	1843.88359132461		22
027600520010	200.33005	27.616638	3334.0020789241	1843.88503808478	1843.92362607181		22
027600530010	200.25371	25.621445	3335.00207780235	1843.92496866523	1843.96356822632		22
027600540010	198.03845	25.669167	3334.00206898368	1843.96489924567	1844.00348723257		22
027600550010	195.81746	25.6875	3335.0020593949	1844.00493399273	1844.0435335536		22
027600560010	193.60204	25.662	3334.00205045837	1844.04487614702	1844.08346413372		22
027600570010	191.38046	25.612112	3334.00204935824	1844.08491089387	1844.12349888055		22
027600580010	191.45387	23.61486	3334.00205334619	1844.12494564069	1844.16353362742		22
027600590010	193.63654	23.66989	3335.00206322569	1844.1649688135	1844.20356837442		22
027600600010	195.8202	23.689	3335.00207426623	1844.20500356049	1844.24360312153		22
027600610010	198.00397	23.672945	3334.0020813208	1844.24503830761	1844.28362629466		22
027600620010	200.18866	23.62375	3328.00207948603	1844.28503833258	1844.32355687517		22
027600630010	198.85129	24.235472	3336.00208049174	1844.32701752548	1844.36562866067		22
027600640010	196.65855	24.28864	3334.00206971055	1844.36705227266	1844.40564025958		22
027600650010	194.46411	24.30539	3335.00206128083	1844.40706387157	1844.44566343247		22
027600660010	192.27225	24.284527	3334.00205745202	1844.44700602589	1844.48559401266		22
027600670010	190.07709	24.229334	3334.00205580183	1844.48701762465	1844.5256056114		22
027600680010	190.00488	26.22311	4728.00292133616	1844.52694820482	1844.58167046085		22
027600690010	192.2308	26.281473	3334.00206648876	1844.58309407285	1844.62168205973		22
027600700010	194.46141	26.301445	3335.0020756021	1844.62310567173	1844.66170523279		22
027600710010	196.69221	26.286667	7939.00495968119	1844.66537421656	1844.75726084804		22
027600720010	210.23688	-39.405167	593.000369077345	1844.79029327605	1844.79715670625		22
027600730010	209.9993	-40.005333	1254.00078000166	1844.79849929968	1844.81301319759		22
027700010010	228.22046	-52.79414	650.000367235771	1845.1071916133	1845.1147147657		22
027700020010	228.21141	-52.81211	2201.00124053351	1845.11574485887	1845.14121941027		22
027700030010	218.19589	-53.51147	2200.00123067366	1845.14358052271	1845.16904349991		22
027700040010	209.92064	-57.332554	2202.00122324386	1845.17145090866	1845.19693703393		22
027700050010	200.01086	-60.482944	2201.00121625219	1845.19930972042	1845.22478427153		22
027700060010	188.30328	-62.753887	2200.00120837649	1845.22714538394	1845.25260836088		22
027700070010	175.15463	-63.911972	2200.00120295445	1845.25495789921	1845.2804208761		22
027700080010	161.358	-63.775917	2201.00120012357	1845.2827819885	1845.30825653943		22
027700090010	148.41759	-62.418556	2201.00119637136	1845.31059450366	1845.33606905455		22
027700100010	142.64201	-57.113777	2201.00119446579	1845.33841859285	1845.36389314372		22
027700110010	138.40262	-51.658165	2311.00125141529	1845.36623110795	1845.39297880762		22
027700120010	135.07336	-46.071472	2200.00119201213	1845.41167094737	1845.43713392413		22
027700130010	53.99079	54.17525	19695.0111191953	1845.43948346244	1845.66743498003		22
027700190010	53.650124	52.184334	2057.00122659546	1845.66743498003	1845.69124286459		22
027700200010	50.927376	53.31789	2859.00172660622	1845.69257388391	1845.72566418167		22
027700210010	51.142918	55.31511	2859.0017500821	1845.726995201	1845.76008549903		22
027700220010	54.35296	56.16347	2859.0017694718	1845.76141651837	1845.79450681662		22
027700230010	52.299248	53.1815	2856.0017854099	1845.79609246575	1845.82914804197		22
027700240010	55.36471	54.022778	2859.00180216122	1845.83049063541	1845.86358093404		22
027700250010	55.010086	52.034	2858.00181583618	1845.8650392683	1845.89811799302		22
027700260010	52.09554	51.185223	2858.00182948951	1845.89946058645	1845.93253931133		22
027700270010	49.375084	52.26064	2859.001843023	1845.9338703307	1845.96696062981		22
027700280010	49.462997	54.259777	2860.00185533849	1845.96841896409	1846.00152083741		22
027700290010	52.542957	55.17472	2858.00186267006	1846.00286343089	1846.03594215615		22
027700300010	53.981125	53.175335	2858.00186917259	1846.03728474962	1846.07036347496		22
027700310010	57.067165	53.97486	2858.00187538043	1846.07170606843	1846.10478479384		22
027700320010	56.632957	51.992916	2859.00188268643	1846.10611581324	1846.13920611281		22
027700330010	53.688835	51.183556	2859.00189241074	1846.1405371322	1846.17362743188		22
027700340010	51.00892	52.300026	2858.00190166556	1846.17495845128	1846.208037177		22
027700350010	51.17779	54.297333	2859.0019101699	1846.2094955113	1846.24258581118		22
027700360010	54.297295	55.16728	2858.00191524031	1846.24391683059	1846.27699555646		22
027700370010	54.07109	53.14215	1216.0008159095	1846.27852333526	1846.29259741878		22
027700410010	56.056335	55.15861	7632.00516872312	1846.43168316059	1846.52001655375		22
027700410030	46.038246	53.4065	11809.0080431175	1846.59168326916	1846.728361603		22
027700410040	46.038246	53.4065	9000.00605493624	1846.728361603	1846.83252833974		22
027700410050	46.038246	53.4065	9064.00599730841	1846.83252833974	1846.93743581656		22
027700410060	46.038246	53.4065	9000.00586929018	1846.93743581656	1847.04160255116		22
027700410070	46.038246	53.4065	9000.00581728964	1847.04160255116	1847.14576928516		22
027700410080	46.038246	53.4065	9000.00578059262	1847.14576928516	1847.24993601873		22
027700410090	46.038246	53.4065	9000.00576139937	1847.24993601873	1847.35410275208		22
027700410100	46.038246	53.4065	9000.00574320802	1847.35410275208	1847.45826948522		22
027700410110	46.038246	53.4065	9000.00573234429	1847.45826948522	1847.56243621823		22
027700410120	46.038246	53.4065	7261.00461521055	1847.56243621823	1847.6464756235		22
