100300000020	219.91458	-55.081585	2120.00133013789	4016.4600932148	4016.48463026724		22
100300010010	223.54611	-12.811973	590.000371774659	4016.54875067812	4016.55557938612		22
100300020010	223.46074	-13.002778	743.000470404513	4016.55691040548	4016.56550994796		22
100300030010	186.21112	1.1669722	593.000374990515	4016.57643588078	4016.58329931105		22
100300680010	225.1295	-60.170277	592.000375149655	4019.29347465125	4019.30032650745		22
100300690010	225.0033	-60.00022	4336.00273811608	4019.30166910089	4019.35185431777		22
100400000020	224.99283	-59.96847	2506.00157654844	4019.44919234167	4019.47819698955		22
100400010010	227.74667	-8.962694	591.000373776478	4019.54134517756	4019.54818545966		22
100400020010	227.66039	-9.158667	738.000466013909	4019.54957434943	4019.55811602149		22
100400030010	192.21841	4.4173613	647.000409223256	4019.56871788003	4019.57620631069		22
100400680010	229.98654	-59.987194	649.000419316872	4022.28371967168	4022.2912312506		22
100400690010	230.00159	-60.00078	4071.00262866734	4022.29227291793	4022.33939100391		22
100500000020	229.9405	-59.99597	2644.00171198358	4022.44074523578	4022.47134710745		22
100500010010	231.44305	-9.416862	589.000383367238	4022.5327823326	4022.53959946667		22
100500020010	231.34642	-9.625944	739.000480117102	4022.54097678237	4022.54953002867		22
100500030010	192.3405	9.223139	592.000383439881	4022.56123142514	4022.56808328143		22
100500360010	184.87312	7.4163613	5426.00379903306	4023.91814204497	4023.98094301487		22
100500670010	234.90211	-59.859165	593.000401668542	4025.27302723321	4025.27989066379		22
100500680010	235.00397	-60.001167	4064.00275150227	4025.28122168321	4025.32825875209		22
100600000020	234.99907	-60.073223	2622.00173866586	4025.432251877	4025.46259911935		22
100600010010	234.02347	-12.73075	590.000389219495	4025.52167323256	4025.52850194077		22
100600020010	233.982	-12.800222	739.000486089208	4025.5298792565	4025.53843250286		22
100600030010	186.55551	8.019639	592.000388272572	4025.55188158577	4025.55873344211		22
100600670010	237.91963	-57.857834	591.000426386017	4028.26368904823	4028.27052933094		22
100600680010	237.99821	-58.00089	1255.00090460846	4028.2718719245	4028.28639739793		22
100700010010	317.72437	25.150473	584.000404868857	4028.51094616798	4028.51770543193		22
100700020010	316.56	25.678333	877.000606790534	4028.51915219219	4028.52930266218		22
100700030010	353.5655	55.121113	647.000445173762	4028.54035591056	4028.54784434164		22
100700040010	353.31424	55.317806	3363.00230050256	4028.54887443494	4028.58779807268		22
100700050010	350.586	56.864166	3335.00226374308	4028.5891290921	4028.62772865534		98
100700710010	240.16016	-55.287556	593.000370079244	4031.25458222224	4031.26144565245		22
100700720010	240.00229	-54.997612	1192.00074234686	4031.26278824588	4031.27658455077		22
100800010010	312.52695	29.27775	584.000367268163	4031.50062404218	4031.50738330569		22
100800020010	311.45782	29.552528	877.000552020036	4031.50883006586	4031.51898053521		22
100800030010	347.83078	65.620026	649.000409297878	4031.53050832024	4031.53801989905		22
100800700010	245.33197	-55.532333	593.000381630554	4034.24377391826	4034.2506373486		22
100800710010	245.00002	-54.998055	1254.00080693507	4034.25197994205	4034.26649384028		22
100900010010	323.79538	25.946056	585.000378267432	4034.49060278082	4034.49737361853		22
100900020010	322.7194	26.437166	876.000566048606	4034.4988319528	4034.50897084824		22
100900030010	1.51175	55.986084	646.000416533207	4034.52017455917	4034.52765141585		22
100901050010	248.0072	-55.006138	650.00041192834	4037.23688928509	4037.244412438		22
100901060010	248.00063	-54.999973	1195.00075495307	4037.24544253124	4037.2592735585		22
101000010010	235.05301	-30.179667	647.000411777117	4037.52362557734	4037.53111400803		22
101001080010	251.99973	-55.99975	1194.0007283556	4040.20527086385	4040.21909031673		98
101100010010	258.33472	7.6871667	591.000375112344	4040.51488911078	4040.5217293929		22
101100020010	258.2898	7.633333	1074.00068356656	4040.52310670858	4040.53553727205		98
101100030010	322.7907	31.43486	593.000376758573	4040.5716136838	4040.57847711409		98
101100040010	322.22934	31.60836	743.000471543928	4040.57981970753	4040.58841925002		98
101200010010	248.84792	-17.195168	590.000364820298	4043.50734466431	4043.51417337223		22
101200300010	207.08237	17.763556	2084.00129610527	4044.21862981943	4044.2427502048		98
101200310010	205.42216	18.994389	2082.00130604964	4044.24413909456	4044.26823633189		98
101300010010	254.6038	-19.129555	648.000397198484	4046.48826097491	4046.49576097951		22
101300020010	254.57922	-19.136305	755.000462286989	4046.49679107274	4046.50552950401		22
101300030010	248.35318	-17.834417	679.000415249902	4046.50802950555	4046.51588830665		22
101400010010	343.3101	-67.75506	594.000362572842	4049.48048512523	4049.48736012942		22
101400020010	342.6706	-67.90791	742.000452490174	4049.48869114875	4049.49727911695		22
101400030010	85.57254	-75.407	650.000396448013	4049.50601754821	4049.51354070094		22
101400450010	83.59137	-68.469666	3530.00207680743	4051.33803251828	4051.3788890238		98
101400660010	265.00043	-49.999973	5824.00340978347	4052.16989643331	4052.23730388018		98
101500010010	358.4103	-61.89161	595.000354437798	4052.47144753682	4052.478334115		22
101500020010	358.3918	-61.86939	742.000442196149	4052.47967670839	4052.48826467647		22
101500030010	68.807	-67.29239	649.000386038097	4052.49701468169	4052.50452626023		22
101500670010	267.99966	-48.000057	5800.00341030245	4055.1621088465	4055.2292385156		98
101600010010	253.24826	-43.421165	642.000388527231	4055.48769931782	4055.49512987787		22
101600670010	358.00064	-62.999973	5789.0035051314	4058.15562917519	4058.22263153058		98
101700010010	262.11057	-38.27833	588.000366081542	4058.47958770679	4058.48639326658		22
101700020010	262.1009	-38.31272	3542.00220109778	4058.48773586002	4058.52873125586		22
101700030010	261.4252	-36.213833	3480.00215344364	4058.53023588642	4058.57051368913		98
101700660010	356.99927	-62.99975	5781.0034597278	4061.14899903259	4061.21590879486		98
101800010010	266.56412	-28.643444	589.000362386287	4061.47098996835	4061.47780710217		22
101800680010	356.9995	-62.99978	1194.00069802359	4064.14160499025	4064.15542444278		98
101900010010	21.672125	3.2981389	670.000410945795	4064.42772784536	4064.43548247975		22
101900020010	21.672125	3.2974167	856.00052542286	4064.43548247975	4064.44538989324		22
101900030010	21.672125	3.2974167	51.000031134754	4064.44538989324	4064.44598017137		22
101901120010	83.00025	21.999971	5726.0045557181	4067.13546150966	4067.20173471054		22
102000010010	212.15247	-20.086082	594.000479578972	4067.42012608854	4067.42700109409		22
102000020010	212.3209	-19.49261	886.000714467082	4067.42833211368	4067.43858675158		22
102000030010	265.90375	-29.723389	592.00047722552	4067.45154972499	4067.45840158236		22
102000720010	356.00018	-61.999832	5794.00339805579	4070.13064860614	4070.19770883065		22
102100010010	265.909	-28.354445	589.000352917355	4070.44384323592	4070.45066036963		22
102100670010	82.99916	22.000473	680.000519799069	4073.11831256138	4073.12618293776		98
102100680010	83.000336	22.000084	1194.00091235148	4073.12721303114	4073.14103248615		22
102200010010	96.4955	-68.68275	587.00044395664	4073.43637993449	4073.44317392111		22
102200820010	83.00496	22.000555	650.00045554043	4076.11302514691	4076.12054830034		98
102200830010	83.00025	22.0	1193.000836602	4076.12157839365	4076.1353862737		22
102300010010	79.24409	-74.37211	593.00042186369	4076.42858092586	4076.43544435667		22
102300970010	83.000374	21.994806	680.000463024771	4079.10676549494	4079.11463587067		98
102300980010	83.00029	22.000029	1192.00081192976	4079.11566596397	4079.12946226966		22
102400010010	78.40784	-67.92622	592.000424812431	4079.41982126617	4079.42667312293		22
102400020010	78.30659	-67.82003	3637.00253134011	4079.4280620128	4079.4701569495		22
102400730010	230.82071	-37.871555	1954.00116804085	4081.27601455077	4081.29863030503		98
102400740010	229.41101	-36.217415	1955.00117581832	4081.29990345394	4081.32253078237		22
102400750010	228.05583	-34.559723	1956.00118583534	4081.32569050649	4081.34832940911		98
102400960010	83.00963	21.995916	679.000465030549	4082.1012813051	4082.10914010677		22
102400970010	83.00012	21.999945	1195.00082033192	4082.11017020008	4082.12400122809		22
102500010010	247.49342	-5.799556	593.00040811213	4082.38159399815	4082.3884574288		22
102500020010	247.32545	-7.0340276	887.000609835377	4082.38978844823	4082.40005465899		22
102500030010	278.40933	-11.019527	649.00044418755	4082.40920975785	4082.41672133706		22
102500040010	278.40988	-10.994	1890.00130175409	4082.41775143037	4082.43962644543		22
102500050010	278.733	-13.139055	1801.00122283911	4082.44113107609	4082.46197599765		98
102501060010	354.1993	-59.05175	592.000379785895	4085.09647993473	4085.10333179098		22
102501070010	355.0063	-59.000305	4924.00316132553	4085.10467438443	4085.16166516176		22
102600010010	295.07635	-34.40939	589.000384703104	4085.40105189088	4085.40786902496		22
102600960010	158.78792	-83.14972	790.000492864056	4088.07518546683	4088.08432899105		98
102600970010	353.84933	-58.010223	650.000405484752	4088.09505816442	4088.10258131726		22
102600980010	354.0015	-57.999474	4249.00265228207	4088.10362298458	4088.15280125602		22
102700000020	353.9612	-58.03925	2324.00144485437	4088.24724575906	4088.27414392393		22
102700010010	266.555	-28.879389	591.000370436814	4088.39241946106	4088.39925974312		22
102700920010	152.68979	-87.28072	790.000488109945	4091.065835445	4091.07497896916		98
102700930010	356.2911	-56.99575	649.000401872036	4091.08505999392	4091.09257157265		22
102700940010	356.00018	-57.000137	1201.00074287911	4091.09361323995	4091.10751371151		22
102800010010	249.11005	-44.664722	592.00037157425	4091.38291897487	4091.38977083102		22
102800940020	83.6575	-65.92975	2765.00167131453	4094.03407800563	4094.06608033979		98
102800950010	9.327042	-54.959667	648.000392247923	4094.07636969785	4094.08386970239		22
102800960010	8.999958	-55.00011	1201.0007257486	4094.08491136968	4094.09881184105		22
102900010010	12.43975	52.156223	590.000359987607	4094.34172865438	4094.34855736225		22
102900020010	13.926625	51.76125	878.00053449464	4094.34999254831	4094.36015459153		22
102900030010	131.15143	69.63084	591.000359356985	4094.37337219217	4094.38021247411		22
102900970010	10.225083	-53.978943	593.000394242699	4097.06917261149	4097.07603604198		22
102900980010	9.997833	-53.999527	4307.0028647664	4097.07737863547	4097.12722820566		22
103000000020	9.9262085	-54.07214	2036.00132342835	4097.22026067399	4097.24382550412		22
103000840010	289.52664	11.928833	2859.00174063281	4099.30206759666	4099.33515789458		98
103000850010	289.43185	9.930195	2860.00173489447	4099.33648891391	4099.36959078585		22
103000860010	287.63416	9.009	2858.00172884774	4099.37092180517	4099.40400052888		98
103001040020	79.678085	-65.93867	2893.00178810663	4100.01815599835	4100.05163981535		98
103001050010	10.258375	-52.978973	649.000401361263	4100.0618944513	4100.06940603002		22
103001060010	9.999916	-53.00011	1204.00074216595	4100.07043612325	4100.08437131703		22
103100010010	19.462208	54.138195	588.000364549225	4100.32485757602	4100.3316631358		22
103100020010	20.001501	53.945694	880.000544941868	4100.33307517372	4100.34326036521		22
103100030010	149.19588	64.78547	593.000367996865	4100.35742704066	4100.36429047085		22
103100970010	160.77461	-83.52975	742.000452725915	4103.03179219333	4103.04038016153		98
103100980010	8.852291	-52.007057	650.000398451812	4103.05218572431	4103.05970887707		22
103100990010	9.000126	-52.000027	1214.00074662524	4103.0607389703	4103.07478990487		22
103200010010	311.44604	11.746389	584.000370450667	4103.32409561593	4103.33085487948		22
103200020010	311.35263	11.000361	782.000496258843	4103.33229006557	4103.34134099724		22
103200030010	288.3279	12.083777	648.000410950044	4103.3486558167	4103.35615582146		22
103200970010	21.353832	-49.949333	648.000398770091	4106.04302097115	4106.05052097576		22
103200980010	20.999542	-50.000137	1203.00074091065	4106.05156264307	4106.06548626276		22
103300960010	23.469166	-48.92289	592.000406424631	4109.03333546922	4109.04018732578		22
103300970010	22.99725	-49.000446	3301.00226443901	4109.04152991928	4109.07973596401		22
103400000020	23.093416	-49.040195	1961.00130487466	4109.18843974121	4109.21113651557		22
103400010010	359.96912	-68.15647	589.00038379943	4109.3304884461	4109.33730558017		22
103401160010	24.369083	-47.965916	587.000463248114	4112.02662443721	4112.03341842405		22
103401170010	23.997082	-48.000973	4432.00350007683	4112.03476101769	4112.0860573545		22
103500000020	23.949165	-48.01989	1535.00113551272	4112.18513150408	4112.20289772093		22
103500010010	68.58795	17.228195	61.0000428627245	4112.28919407976	4112.28990009878		22
103501070010	32.308376	-45.93625	651.000417937757	4115.01743671223	4115.02497143929		22
103501080010	32.00021	-46.00022	1207.00077312067	4115.02600153253	4115.03997144889		22
103600010010	330.87094	-25.012	588.000371621456	4115.28146465783	4115.28827021769		22
103600020010	331.04263	-25.319834	738.000467114034	4115.28965910746	4115.29820077953		22
103600030010	263.37457	-36.27403	588.000371542876	4115.3130156037	4115.31982116356		22
103600960010	33.29471	-45.17161	592.000395816285	4118.00731141372	4118.01416327015		22
103600970010	33.998333	-45.001194	4192.0028301829	4118.01550586364	4118.06402441491		22
103700010010	329.82214	-16.404861	590.000390633941	4118.2727977034	4118.27962641162		22
103700020010	329.97516	-16.801056	739.000488014426	4118.28099215328	4118.28954539967		22
103700030010	266.6691	-27.761806	588.0003862374	4118.30456855773	4118.31137411775		22
103701100010	82.61059	-75.66881	886.000533457263	4120.97965127607	4120.98990591187		98
103701110010	36.135666	-43.970554	592.000356368953	4121.00036888113	4121.00722073711		22
103701120010	35.994705	-44.000862	3238.0019487493	4121.00856333052	4121.04604020492		22
103800010010	320.46432	5.7935	589.000358260819	4121.29531118888	4121.30212832266		22
103800930010	43.12675	-41.97014	588.000357555575	4123.99206058824	4123.99886614793		22
103800940010	42.99846	-41.999363	4218.00256908755	4124.00020874134	4124.04902821552		22
103900000020	42.877834	-41.966415	2220.00134192349	4124.14321808743	4124.16891254741		22
103900010010	319.32248	4.447861	589.000356610632	4124.28788252671	4124.29469966047		22
103901040010	225.0012	43.0015	8522.00568170229	4126.94239811956	4127.04103244458		98
104000000020	224.96042	42.93711	2188.00159792299	4127.13683112314	4127.1621552157		22
104000010010	290.57022	11.098056	591.000466226251	4127.28271086298	4127.28955114615		22
104000710010	231.09229	40.976917	593.000413023401	4129.97862709454	4129.98549052524		22
104000720010	230.99738	40.999416	4266.00298586127	4129.98683311878	4130.03620815333		22
104100000020	231.06212	40.912888	1432.00106593722	4130.13854619001	4130.15512027642		22
104100010010	283.152	8.048333	590.000474007684	4130.27562962916	4130.28245833835		22
104100020010	283.1858	7.832778	3218.00261405006	4130.28385880244	4130.32110420307		98
104100030010	281.26062	6.7975836	3161.00258799561	4130.32262040801	4130.35920608611		98
104100130010	293.75067	2.6013613	3160.00237198023	4130.67616235818	4130.71273645971		98
104100140010	291.7309	1.8050277	3161.00233724574	4130.71425266455	4130.75083833975		98
104100720010	54.416916	-37.862305	593.000402493635	4132.96928895779	4132.97615238837		22
104100730010	53.99896	-38.001694	3997.00272369955	4132.97749498187	4133.02375658746		22
104200010010	68.92367	62.049446	596.000386693049	4133.23906923105	4133.24596738368		22
104200020010	69.52367	61.705387	883.000570788863	4133.24734469938	4133.25756461339		22
104200030010	142.93921	67.67725	649.000417313073	4133.26651137843	4133.27402295733		22
104200640010	57.69208	-36.748222	587.00034050562	4135.96059863679	4135.96739262222		22
104200650010	56.997456	-37.00186	4083.00237125368	4135.9687352156	4136.01599218749		22
104300000020	56.958916	-37.036057	2296.00133525091	4136.11191816914	4136.13849225867		22
104300010010	330.63107	-32.60653	590.000344428699	4136.25875853254	4136.26558724023		22
104300630010	60.48392	-35.816444	587.000340819941	4138.95246380636	4138.95925779178		22
104300640010	59.993416	-36.001694	4059.0023580211	4138.96058881107	4139.00756800503		22
104400000020	60.010292	-36.03714	2236.00130385894	4139.10349398678	4139.12937363151		22
104400010010	340.99506	22.030333	589.000345530803	4139.2193158137	4139.22613294732		22
104400020010	341.05792	21.14536	783.000459481264	4139.22755655927	4139.23661906459		22
104400030010	289.73145	10.630083	590.000345450244	4139.24980194269	4139.25663065039		22
104400670010	78.874626	-59.302612	617.000369285233	4141.92931744199	4141.93645864996		98
104400680010	78.874626	-59.302612	1352.0008088235	4141.93645864996	4141.95210680747		22
104400690010	78.874626	-59.302612	1683.0010069767	4141.95210680747	4141.9715859858		22
104500010010	353.9133	-11.589361	589.000347888214	4142.21540557512	4142.22222270877		22
104500020010	354.14297	-12.073083	741.000437561888	4142.22357687624	4142.23215327019		22
104500030010	328.59338	-24.80425	646.00038062199	4142.24057920107	4142.24805605733		22
104500660010	96.05454	-60.408833	743.000438500894	4144.91737478909	4144.9259743312		98
104500670010	66.9695	-34.016724	649.000383287785	4144.93544192938	4144.94295350789		22
104500680010	66.998825	-34.000195	3209.00189686508	4144.94398360109	4144.98112482675		22
104600000020	67.00613	-34.07486	2032.00120705878	4145.08766424187	4145.11118277436		22
104600010010	345.64792	26.140917	589.000353388838	4145.20076616135	4145.20758329507		22
104600020010	345.7049	25.125555	784.000471816398	4145.20899533296	4145.2180694125		22
104600030010	288.64844	11.661944	593.00035762426	4145.23229395809	4145.23915738816		22
104600590010	144.60312	74.85028	3495.00207821256	4147.45236477191	4147.49281618485		98
104600600010	136.30217	74.81914	3480.00207093428	4147.49434396354	4147.53462176529		98
104600610010	136.93388	72.65483	3478.00206928805	4147.53596435868	4147.57621901226		98
104600690010	246.54756	36.16489	593.000355031108	4147.92551320211	4147.93237663214		22
104600700010	247.00018	36.00061	4062.00244052452	4147.93371922554	4147.98073314267		22
104700000020	246.90259	35.987362	2058.00134562305	4148.07749246224	4148.10131192226		22
104700010010	182.73293	39.686	588.00042764924	4148.22316385876	4148.22996941927		22
104700620010	250.56764	35.17611	588.000429770909	4150.91877927347	4150.925584834		22
104700630010	251.00192	35.001583	1256.00091839733	4150.92691585349	4150.94145290116		22
104800010010	281.24426	1.4813889	590.00049388851	4151.21522626338	4151.2220549728		22
104801050010	74.89905	-32.041443	592.000351418392	4153.91076053231	4153.91761238823		22
104801060010	75.00166	-32.00072	4025.00238857756	4153.91894340753	4153.96552908332		22
104900000020	74.95192	-32.09189	2060.00122884871	4154.06349210436	4154.08733471118		22
104900010010	100.92667	-10.5825	653.000389723456	4154.20799450546	4154.21555238035		22
104901030010	259.01242	33.00303	649.000430121669	4156.90194291261	4156.90945449166		22
104901040010	258.9999	32.999443	3918.00265077618	4156.91049615902	4156.95584341192		22
105000000020	259.0028	33.029583	1809.00134124386	4157.05708191006	4157.07801942558		22
105000010010	274.7796	-72.82814	594.000468420563	4157.17426949936	4157.18114450479		22
105000020010	272.89902	-73.216774	886.000702719321	4157.18247552436	4157.19273016212		22
105000030010	14.714707	-72.26536	649.000518367393	4157.20097090943	4157.2084824895		22
105000360010	340.53534	51.420944	650.000418568379	4158.45749956036	4158.46502271335		22
105000370010	340.53418	51.43497	2714.00174209848	4158.46605280661	4158.49746486381		98
105001010010	80.969666	-31.008333	650.000395151437	4159.89479214776	4159.90231530048		22
105001020010	80.99983	-30.999834	3888.0023596168	4159.90335696778	4159.94835699509		22
105100000020	80.999374	-31.020945	2061.00125273515	4160.04638946197	4160.07024364313		22
105100010010	0.20179166	59.10808	590.000361637794	4160.19307936608	4160.19990807397		22
105101060010	84.95592	-30.019638	649.000403561513	4162.88501402647	4162.89252560521		22
105101070010	84.99917	-29.999805	3942.00245207758	4162.89356727253	4162.93919230091		22
105200000020	85.005585	-30.078611	2113.00130708842	4163.03740995505	4163.06186598869		22
105200010010	0.5504584	37.47503	590.000363916624	4163.14812761599	4163.15495632391		22
105200020010	0.565125	36.500416	882.000543366303	4163.15634521365	4163.16655355328		22
105200030010	288.44522	10.673278	593.000363832107	4163.18368319345	4163.19054662358		22
105201010010	87.01071	-30.030666	591.000422771322	4165.87507389884	4165.88191418151		22
105201020010	86.99996	-30.000278	3277.00237135577	4165.88325677507	4165.92118504325		22
105300000020	86.91925	-30.046556	2139.00152203278	4166.02854623184	4166.0533031939		22
105300010010	15.623249	57.23625	588.000395824201	4166.17571068588	4166.18251624602		22
105300750010	92.146835	-28.970583	592.000405324507	4168.86718246635	4168.8740343229		22
105300760010	91.99575	-29.00336	3966.00276242243	4168.87537691641	4168.92127972616		22
105400000020	92.00708	-29.063723	2160.0014992815	4169.019636276	4169.04463629335		22
105400010010	7.126375	61.576084	584.000388759887	4169.16692804311	4169.17368730687		22
105400730010	89.91213	-30.053112	592.000389294117	4171.85726555515	4171.86411741151		22
105400740010	90.00029	-30.000278	3766.00249894545	4171.8654484309	4171.90903642279		22
105500010010	18.48275	57.274082	583.000370766968	4172.15738149295	4172.16412918243		22
105500740010	95.97312	-29.025583	592.000378764351	4174.84771895667	4174.85457081291		22
105500750010	96.00208	-28.9995	3242.00208523544	4174.85590183227	4174.89342500455		22
105600000020	96.06346	-29.056583	2108.00135322497	4175.00195516672	4175.02635333053		22
105600010010	12.748167	55.161804	588.000371228554	4175.11584412821	4175.12264968806		22
105600020010	12.432333	53.99439	886.000558995875	4175.12399228151	4175.13424691761		22
105600030010	301.3689	34.851612	592.000372242182	4175.14771914831	4175.15457100447		22
105600100010	302.96216	36.478943	1787.00114852982	4175.3072562859	4175.32793916956		98
105600110010	301.02606	34.597973	1783.0011538812	4175.3296058373	4175.35024242473		22
105600120010	303.66397	34.636665	1786.001162912	4175.35150399961	4175.37217530937		22
105600130010	302.38562	32.74475	1786.00117045571	4175.3736683659	4175.39433967575		22
105600140010	299.80798	32.683304	1785.0011768227	4175.39567069515	4175.41633043099		22
105600150010	298.39252	34.511055	1786.00118554314	4175.41767302447	4175.43834433449		22
105600160010	299.60443	36.435974	1785.00119261735	4175.43983739104	4175.46049712706		22
105600170010	302.30194	36.50397	1786.00120825286	4175.4617471279	4175.48241843818		22
105600180010	299.27365	36.999638	1785.00120801909	4175.48380732801	4175.50446706421		22
105600190010	301.99744	37.03986	1785.00121454126	4175.50571706506	4175.52637680134		22
105600200010	300.68735	35.145416	1785.00122059195	4175.52788143199	4175.54854116834		22
105600210010	298.03552	35.07136	1787.00122711016	4175.5497911692	4175.57047405377		22
105600220010	296.56546	36.888054	1785.00123182894	4175.57196711035	4175.59262684683		22
105600230010	297.80038	38.826557	1786.00123669894	4175.5941314775	4175.61480278811		22
105600240010	300.58618	38.904305	1785.0012423587	4175.61606436307	4175.63672409967		22
105600250010	302.33694	34.527084	681.000474691973	4175.6387148418	4175.64659679174		22
105600260010	302.32257	34.531387	1786.0012512363	4175.64762688505	4175.66829819583		22
105600270010	304.95782	34.532307	1786.001254851	4175.66954819671	4175.69021950753		22
105600280010	303.64297	32.658943	1786.00125940866	4175.69171256412	4175.712383875		22
105600290010	301.06522	32.630665	1785.00126137515	4175.71364544996	4175.73430518678		22
105600300010	299.68848	34.474194	1785.001265147	4175.73582139156	4175.75648112842		22
105600310010	300.9414	36.388973	1785.00126711151	4175.75798575911	4175.778645496		22
105600320010	303.63806	36.418804	1785.00127237639	4175.77989549689	4175.80055523384		22
105600330010	298.0955	34.345554	680.000485066557	4175.80261542049	4175.81048579647		22
105600340010	298.10236	34.34586	1786.00127583195	4175.8115158898	4175.83218720086		22
105600350010	300.73007	34.47389	1786.00127944665	4175.83343720175	4175.85410851286		22
105600360010	299.5528	32.538418	1785.00128180603	4175.85543953233	4175.87609926939		22
105600370010	296.98065	32.389862	1785.00128463493	4175.87744186295	4175.89810160004		22
105600380010	295.48444	34.17058	1785.00128887827	4175.8994441936	4175.92010393074		22
105600390010	296.5933	36.134193	1785.00129202148	4175.92160856145	4175.94226829863		22
105600400010	299.2765	36.29322	1785.00129563618	4175.94351829954	4175.96417803676		22
105600410010	300.3683	35.43286	1786.00130074192	4175.96527757459	4175.98594888594		22
105600420010	303.03278	35.47436	1785.0013015297	4175.98719888685	4176.00785862413		22
105600430010	301.74554	33.581333	1786.00130412087	4176.00936325486	4176.03003456625		22
105600440010	299.14206	33.515194	1785.00130569446	4176.03137715983	4176.05203689716		22
105600450010	297.7081	35.333057	1786.00130836421	4176.05352995381	4176.07420126525		22
105600460010	298.92636	37.267918	1786.00130946434	4176.07570589598	4176.09637720743		22
105600470010	301.65375	37.340363	1785.00131025212	4176.09762720835	4176.11828694574		22
105600480010	298.53174	35.653667	1786.00131300045	4176.12017352121	4176.1408448327		22
105600490010	301.20343	35.745556	1785.00131363107	4176.14209483361	4176.16275457104		22
105600500010	299.96405	33.828693	1785.00131355249	4176.16425920177	4176.1849189392		22
105600510010	297.35666	33.710835	1786.00131457206	4176.18615736604	4176.20682867755		22
105600520010	295.8686	35.50425	1786.00131669373	4176.2083217342	4176.22899304573		22
105600530010	297.033	37.461723	1785.00131653855	4176.23049767647	4176.25115741393		22
105600540010	299.76572	37.585278	1786.00132022984	4176.25240741485	4176.27307872643		22
105600550010	298.76566	35.5855	1786.00132172287	4176.27454863493	4176.29521994652		22
105600560010	301.43475	35.67189	1786.00132463034	4176.29646994745	4176.31714125908		22
105600570010	300.19095	33.757416	1784.00132408424	4176.31864588982	4176.33929405329		98
105601010010	98.00188	-28.999083	648.000414171838	4177.83942239315	4177.84692239794		22
105601020010	98.000336	-29.000694	4362.00277271855	4177.84795249119	4177.89843863439		22
105700000020	98.02812	-28.987667	1989.00124997017	4177.99472341739	4178.01774426519		22
105700010010	139.56676	27.624306	594.000369330752	4178.09760542617	4178.10448043045		22
105700020010	139.51288	27.536945	742.000461134012	4178.10582302387	4178.11441099217		22
105700030010	184.28568	11.408305	649.000402461388	4178.12644803667	4178.13395961541		22
105700680010	123.17924	-51.554585	1384.00084168534	4180.82528085032	4180.84129937858		22
105700690010	123.17924	-51.554585	904.000549687771	4180.84129937858	4180.85176234791		22
105800010010	21.191833	57.354557	584.000348762493	4181.11921621332	4181.12597547661		22
105800760010	107.000336	-27.999779	3235.00209546473	4183.83784063428	4183.87528278816		22
105900010010	28.560207	63.40228	583.000374381663	4184.11222738754	4184.11897507706		22
105900720010	142.20642	-59.424416	1576.00100483105	4186.80658102006	4186.82482177243		22
105900730010	142.20642	-59.424416	2276.00144954631	4186.82482177243	4186.8511643818		22
106000010010	70.926834	-74.09944	1684.00106905319	4187.09144231249	4187.1109330656		22
106000700010	151.21692	-61.8395	742.000466477475	4189.78460376696	4189.79319173533		22
106000710010	113.00059	-28.018444	650.000408510095	4189.80465007585	4189.81217322873		22
106000720010	112.999825	-27.999945	4164.00262860116	4189.81321489606	4189.86140937092		22
106100000020	112.96579	-28.092388	2024.00128471199	4189.96195341656	4189.98537935735		22
106100010010	20.208376	64.7425	590.000368867186	4190.09335396236	4190.10018267033		22
106100790010	114.35804	-28.539557	592.000356919016	4192.79304318446	4192.79989504045		22
106100800010	112.99508	-29.001167	4422.00267162407	4192.80122605978	4192.85240664625		22
106200000020	113.01358	-29.008194	2155.0013173779	4192.9505664278	4192.97550857267		22
106200010010	179.91359	-29.876444	593.000362103339	4193.08413132429	4193.0909947544		22
106200720010	256.97556	34.950474	3001.00254792196	4195.58401757936	4195.61875140514		98
106200730010	254.82204	33.70183	3001.00261660118	4195.62026761014	4195.65500143672		98
106200770010	254.45721	35.34011	650.000570071279	4195.7877098849	4195.79523303964		22
106200780010	254.45946	35.340557	3878.00341717084	4195.79627470722	4195.84115900603		22
106300010010	306.28714	31.978138	589.000531687634	4196.0442957636	4196.05111289938		22
106300020010	306.2248	31.989695	743.000669212779	4196.0524439191	4196.06104346389		22
106300030010	21.208416	63.573555	592.000531053054	4196.07521014329	4196.08206200129		22
106300750010	254.28358	35.301556	590.0003536226	4198.77732990672	4198.78415861451		22
106300760010	254.45941	35.34225	3941.00239204417	4198.78550120791	4198.83111466153		22
106400010010	246.77475	36.357082	679.000482003903	4199.0634180575	4199.07127685938		22
106400740020	256.65707	32.207584	2350.00203513773	4201.73840865745	4201.76560775508		98
106400750010	254.45496	35.3365	677.000588562805	4201.76762164572	4201.77545730068		22
106400760010	254.45787	35.342	3862.00337783375	4201.77649896824	4201.82119808141		22
106500010010	320.32153	50.042835	591.000520761008	4202.05404551133	4202.06088579513		22
106500770010	115.164795	-31.97536	648.000401677564	4204.75845698539	4204.76595699004		22
106500780010	115.000084	-32.000057	4129.00256116991	4204.76699865736	4204.81478803885		22
106600010010	39.94825	0.45205554	591.000364071806	4205.04495021946	4205.05179050145		22
106600780010	115.05171	-32.994694	649.000403482933	4207.75003286521	4207.75754444396		22
106600790010	114.999084	-32.999195	4364.00272210885	4207.75858611128	4207.80909540204		22
106700010010	54.859375	0.62580556	590.000368474284	4208.0378571208	4208.04468582877		22
106700760010	182.0182	5.497361	4678.0028031324	4210.71604159965	4210.77018515061		98
106800010010	45.257874	-3.3463888	592.000365327112	4211.00920150158	4211.01605335766		22
106800020010	45.766792	-4.4191113	886.000545951538	4211.017384377	4211.02763901295		22
106800030010	55.130085	0.04947222	649.000399396755	4211.03163207097	4211.03914364966		22
106800800010	259.92725	19.965027	593.00035314518	4213.73098553621	4213.73784896622		22
106800810010	259.9995	20.000223	3929.0023685724	4213.73919155962	4213.78466612407		22
106900010010	246.92342	34.85214	651.000475615729	4214.02053433942	4214.02806906715		22
106900020010	246.86525	34.80286	3001.00221772736	4214.02911073458	4214.06384455654		98
106900750010	259.94385	19.9635	650.000499348971	4216.72065208161	4216.72817523554		22
106900760010	259.99963	19.9995	3854.00298738386	4216.72920532893	4216.77381184499		22
107000010010	323.5308	28.36161	588.000495385495	4216.98120784851	4216.9880134098		22
107000020010	322.97415	28.585638	742.000627567177	4216.98935600353	4216.99794397376		22
107000030010	20.201042	63.34672	593.000502604991	4217.01106898486	4217.01793241661		22
107000940010	114.40613	-33.997112	593.000361631857	4219.70953134521	4219.71639477533		22
107000950010	115.00413	-33.99978	1303.00079454028	4219.71773736873	4219.73281839644		22
107100010010	65.09788	0.15813889	590.000371774659	4219.99978615583	4220.00661486384		22
107100020010	65.11996	0.06975	1077.00067853148	4220.0079458832	4220.02041116883		22
107100030010	352.544	67.849915	593.000372240203	4220.05811952587	4220.0649829561		22
107100040010	352.745	67.75933	3397.00212822645	4220.06632554954	4220.1056427038		98
107100970010	114.146164	-33.88911	592.000381828984	4222.70454488165	4222.71139673792		22
107100980010	115.00175	-33.999916	4309.00276865868	4222.71273933137	4222.7626120486		22
107200010010	192.82712	27.556139	595.000372550567	4222.99034367509	4222.99723025348		22
107200430010	234.8865	-16.756083	2083.00152764423	4224.05765916424	4224.08176797821		98
107200950010	115.01496	-34.01286	800.000484043267	4225.69310005853	4225.70235932339		22
107200960010	114.999664	-33.999943	1205.00073242001	4225.70340099069	4225.71734775842		22
107300010010	192.78416	27.311	745.00045994937	4225.97869051252	4225.98731320303		22
107300930010	115.249664	-34.069805	740.000483140466	4228.6823381724	4228.69090299281		22
107300940010	114.999	-33.998665	1257.00081702671	4228.69224558627	4228.70679420683		22
107400010010	192.79991	27.548084	596.000378284953	4228.96990780324	4228.97680595577		22
107400940010	169.06067	-27.970722	799.000480823452	4231.67348596471	4231.68273365546		22
107400950010	169.00024	-28.000084	1205.00072581926	4231.68376374867	4231.69771051633		22
107500010010	64.839584	0.94425	591.000369729591	4231.96158799482	4231.96842827687		22
107500340010	352.0546	62.54828	3335.00210391067	4233.22876470513	4233.26736426652		22
107500350010	347.73575	63.482944	4857.00305840001	4233.26888047117	4233.32509578435		22
107500360010	343.06967	64.209526	3336.00209848664	4233.32642680371	4233.3650379391		22
107500370010	344.77124	66.255974	3335.00209683843	4233.36655414375	4233.40515370506		22
107500380010	349.68854	65.4397	3334.00209558313	4233.40666990972	4233.44525789693		22
107500390010	354.2849	64.47214	3334.00209416868	4233.44660049037	4233.48518847757		22
107500400010	358.5537	63.384056	3335.00209228077	4233.48670468222	4233.52530424347		22
107500410010	2.4968333	62.176083	3335.00208890182	4233.52682044813	4233.56542000934		22
107500420010	5.3803334	63.909138	3335.00208473706	4233.56693621398	4233.60553577515		22
107500430010	1.3102916	65.19544	3335.00208088662	4233.6070519798	4233.64565154092		22
107500440010	356.8524	66.37625	3335.00207640755	4233.64698256027	4233.68558212134		22
107500450010	351.99695	67.4035	3335.0020705926	4233.68709832599	4233.72569788699		22
107500460010	346.7409	68.28853	3336.00206556148	4233.72721409164	4233.76582522666		22
107500470010	350.86597	66.89508	3335.00206092722	4233.76730670906	4233.80590626995		22
107500480010	355.70966	65.90095	3334.00205574289	4233.80724886337	4233.84583685012		22
107500490010	0.13991667	64.77847	3335.00205291202	4233.84735305476	4233.88595261555		22
107500500010	4.22275	63.53575	3335.00204898301	4233.88746882019	4233.92606838095		22
107500510010	7.9596252	62.192112	3335.00204473967	4233.92758458558	4233.96618414628		22
107500520010	5.1221666	60.50061	3335.00203971053	4233.96770035091	4234.00629991156		22
107500530010	1.4734583	61.770332	3335.00203468138	4234.00781611619	4234.04641567678		22
107500540010	357.529	62.93778	3335.00203240255	4234.04793188141	4234.08653144197		22
107500550010	353.27795	63.988777	3336.00203200767	4234.0880476466	4234.12665878123		22
107500560010	348.70013	64.91186	3276.00199480075	4234.12798980055	4234.16590649031		22
107500570010	346.86288	62.89986	3410.00207767356	4234.16723750964	4234.20670512628		22
107500580010	351.17368	62.039722	3334.00203444762	4234.2082213309	4234.24680931741		22
107500590010	355.23438	61.05397	3334.00203696219	4234.24833709611	4234.28692508265		22
107500600010	359.03458	59.95375	3334.00204191275	4234.28845286137	4234.32704084796		22
107500610010	2.5783334	58.745693	3335.00204615411	4234.3283718673	4234.36697142802		22
107500620010	0.294875	56.95425	3335.00205016171	4234.36848763266	4234.40708719343		22
107500630010	356.85516	58.09575	3334.00205283542	4234.40860339807	4234.44719138479		22
107500640010	353.19604	59.135918	3334.00205833605	4234.44871916352	4234.4873071503		22
107500650010	349.30167	60.066833	3335.00206509198	4234.48864974374	4234.52724930468		22
107500660010	345.2274	60.8705	6106.00380904216	4234.52876550932	4234.59943684971		22
107500670010	216.88509	-52.455387	587.000369973248	4234.63520076108	4234.64199474684		22
107500680010	215.95204	-54.14428	1030.00065009983	4234.64340678478	4234.6553280886		22
107500690010	169.974	-30.046917	800.000507224468	4234.66648550306	4234.67574476819		22
107500700010	170.00005	-30.00039	1213.00076847256	4234.67677486144	4234.69081422219		22
107600010010	64.87596	0.86930555	592.000379235833	4234.95389309615	4234.96074495239		22
107600020010	65.12725	0.05327778	1124.00071843585	4234.96207597177	4234.97508523934		22
107600030010	55.531124	76.28386	592.000374599593	4235.01093016956	4235.01778202574		22
107600040010	55.287457	75.63597	892.000563777401	4235.01912461919	4235.02944869978		22
107600050010	343.7551	58.75514	799.000502040144	4235.03831444612	4235.04756213711		22
107600060010	343.89734	58.700443	3344.00209226296	4235.04859223036	4235.08729595828		22
107600070010	347.80432	57.9845	3335.00207695761	4235.08881216292	4235.12741172399		98
107600710010	170.98442	-32.040195	799.000507697929	4237.65740174265	4237.66664943371		22
107600720010	170.99995	-32.000027	1211.00077067676	4237.66767952696	4237.68169573959		22
107700010010	80.69009	5.4726944	590.000384268933	4237.91921904344	4237.92604775159		22
107700020010	80.883705	4.745972	940.000610359129	4237.92739034505	4237.93826998174		22
107700030010	65.11862	0.10216667	800.000517204171	4237.94386026313	4237.95311952838		22
107700700010	171.61096	-34.256584	800.00051916868	4240.64805178814	4240.65731105341		22
107700710010	172.00017	-33.99961	1205.00078239711	4240.65835272075	4240.67229948907		22
107800010010	189.8203	-16.047472	803.000515548047	4240.90288991705	4240.9121839045		22
107800020010	189.78604	-16.063084	889.000568419578	4240.91321399775	4240.92350335618		22
107800030010	262.83603	-34.099	592.000375542557	4240.94019318163	4240.94704503783		22
107800670010	172.91776	-36.043026	799.000718607567	4243.63797325704	4243.64722095054		22
107800680010	173.00008	-35.999943	3938.00350506208	4243.64826261815	4243.69384136242		22
107900010010	193.73026	-15.092778	801.000621478306	4243.88907300662	4243.89834384715		22
107900020010	193.68712	-15.119111	896.000688476488	4243.89938551461	4243.90975589295		22
107900030010	261.35654	-32.221085	743.000557471532	4243.92562396055	4243.93422350404		22
107900730010	174.46404	-37.293304	800.000544000068	4246.62755876459	4246.63681803014		22
107900740010	175.00017	-36.99972	1212.000824188	4246.63784812343	4246.65187591075		22
108000010010	197.36179	-13.693139	651.000430824934	4246.88309134525	4246.89062607246		22
108000020010	197.26875	-13.828195	751.000496084453	4246.89166773981	4246.90035987518		22
108000030010	267.2931	-29.028	592.000387329608	4246.91681821933	4246.92367007566		22
108000660010	200.07529	-14.727361	743.000656639924	4249.60562835887	4249.61422790351		98
108000670010	175.80954	-39.08461	649.000572116347	4249.62493393146	4249.63244551216		22
108000680010	175.99947	-38.99922	4062.00354119937	4249.63348717974	4249.68050110961		22
108100000020	176.09383	-39.03675	2064.00168311375	4249.77707526478	4249.80096417315		22
108100010010	200.44162	-14.232111	652.000489915372	4249.87467950852	4249.88222581048		22
108100020010	200.32788	-14.408334	756.000563810812	4249.88325590384	4249.89200591036		22
108100030010	266.2354	-28.597195	593.000433611451	4249.90764249597	4249.91450592692		22
108100730010	177.00067	-41.001194	7598.0053710955	4252.58185744449	4252.66979732148		98
108200000020	177.03867	-41.05792	1835.00126457657	4252.76894090904	4252.7901793496		22
108200010010	258.0862	-43.733196	593.000389134977	4252.89802664433	4252.90489007476		22
108200880010	206.8255	-13.603972	743.000507808756	4255.58591042913	4255.59450997204		98
108200890010	178.84505	-42.0565	648.000444661011	4255.60652386915	4255.6140238743		22
108200900010	178.99983	-41.999832	1217.00083675096	4255.61506554168	4255.62915119951		22
108300010010	206.15854	-15.424334	651.000430510612	4255.85600320579	4255.86353793299		22
108300020010	206.0305	-15.629027	760.000501645845	4255.86456802628	4255.87336432838		22
108300030010	266.221	-27.943666	593.000388820656	4255.88785507864	4255.89471850907		22
108300140010	227.83983	-27.215416	1956.0013246868	4256.11945245389	4256.14209135811		98
108300150010	229.13576	-28.857277	1955.00131973822	4256.14343395162	4256.1660612817		22
108300160010	230.47884	-30.477362	1956.00131407846	4256.16734600478	4256.18998490888		22
108300170010	231.8672	-32.09211	1956.00130543462	4256.1913159283	4256.21395483229		22
108300180010	233.29712	-33.69714	1956.00129741943	4256.2169988158	4256.2396377197		98
108300540010	256.86078	-57.188416	2222.00166920666	4257.07591142907	4257.10162904098		98
108301120010	182.00238	-43.000805	8999.00643960864	4258.54303047247	4258.64718563959		98
108301120020	182.001	-43.00122	193.000135640614	4258.64718563959	4258.64941943746		22
108400010010	208.04916	49.45647	594.000395890907	4258.86481310524	4258.87168810982		22
108400680010	209.67621	57.227	4257.00250166701	4261.53386561843	4261.58313648072		98
108400690010	225.0075	39.950195	650.00038194994	4261.59010407741	4261.59762722998		22
108400700010	225.00034	39.99978	4064.0023932152	4261.59865732318	4261.64569438792		22
108500010010	211.91617	55.621307	648.00039381953	4261.85630794146	4261.86380794601		22
108500680010	210.28517	57.560833	4201.00249902753	4264.52580026802	4264.57442298213		98
108500690010	225.0055	39.952667	649.000386509579	4264.58164520864	4264.58915678718		22
108500700010	224.99995	39.99967	3901.00232360128	4264.59018688038	4264.63533737024		22
108600000020	225.08713	40.029278	2056.00127018988	4264.73159900258	4264.75539531357		22
108600010010	207.02817	59.159332	648.000397512806	4264.84875185253	4264.85625185713		22
108600690010	249.965	18.536472	593.000363203464	4267.57250350389	4267.57936693402		22
108600700010	250.00116	18.90236	3879.00238352304	4267.58069795336	4267.62559381428		22
108700000020	250.06734	18.903694	2252.00142279791	4267.72275822666	4267.74882305794		22
108700010010	209.17941	49.91578	592.000371299218	4267.8410916346	4267.84794349074		22
108700480010	206.31645	50.139362	3335.00204772572	4269.70973861732	4269.74833817806		98
108700490010	208.99329	48.830193	3327.00204263383	4269.74980808637	4269.78831505445		98
108700690010	237.02112	29.970417	650.000396172982	4270.5612784906	4270.56880164333		22
108700700010	237.00017	30.000473	3861.00235825579	4270.56983173655	4270.61451926384		22
108800000020	237.06613	30.050917	2212.00139553112	4270.7128410846	4270.73844295261		22
108800010010	217.30704	54.849304	648.000406078063	4270.8299823621	4270.8374823668		22
108800840010	267.62247	-26.956612	2398.00149236689	4273.5191159603	4273.5468706072		98
108800850010	255.01266	-17.001583	649.000403797254	4273.55215996235	4273.5596715411		22
108800860010	255.00024	-17.0	1191.00074219168	4273.56071320841	4273.57449793923		22
108900010010	87.65642	26.201555	593.000374754774	4273.82079439121	4273.82765782148		22
108901020010	89.06133	14.031944	2697.00157813495	4276.50493950213	4276.53615479817		98
108901030010	75.00508	-0.039555557	649.000379673089	4276.5426710057	4276.55018258417		22
108901040010	75.00066	-2.7777778E-4	4225.00247304852	4276.55122425144	4276.60012474303		22
109001180010	221.07837	-39.943695	649.00038902415	4279.53351776319	4279.54102934176		22
109001190010	220.99962	-40.00075	3858.0023148068	4279.54207100905	4279.58672381362		22
109100010010	277.74683	-11.263889	592.000357076176	4279.80179338856	4279.80864524455		22
109101200010	225.2317	-29.673416	592.000368784647	4282.52259364115	4282.52944549727		22
109101210010	225.00012	-30.001806	3921.00245879847	4282.5307880907	4282.5761700636		22
109200000020	225.01129	-30.086082	2135.0013809104	4282.67488540445	4282.69959606858		22
109200010010	277.0602	-10.381056	593.000377033604	4282.79177205365	4282.79863548394		22
109200910010	264.98297	-26.896223	2329.00138948462	4285.48104451985	4285.50800055445		98
109200920010	239.99776	-41.038555	649.00038690248	4285.51598667032	4285.52349824887		22
109200930010	239.99983	-40.99967	3883.00231515022	4285.52453991617	4285.56948207259		22
109300000020	240.05116	-41.047306	2227.00135157502	4285.6649798154	4285.690755294		22
109300010010	162.80872	67.96322	593.000358410063	4285.78230627538	4285.78916970546		22
109300940010	251.5625	-36.707527	593.000358017161	4288.50745836222	4288.51432179229		22
109300950010	251.564	-36.618916	4085.00246798212	4288.51566438569	4288.56294450685		22
109400000020	251.57526	-36.60361	2280.00141692755	4288.6570070643	4288.68339596959		22
109400010010	266.2613	-28.922861	650.000402302248	4288.77402102589	4288.78154417869		22
109401190010	222.97725	-53.0155	649.000391931622	4291.49904581894	4291.50655739755		22
109401200010	223.00063	-53.000168	4328.00260981021	4291.50758749078	4291.55768011358		22
109500000020	223.06404	-53.05308	2160.00132467598	4291.65033063275	4291.67533064808		22
109500010010	266.9422	-28.674778	650.000394679955	4291.76691635209	4291.7744395048		22
109501070010	231.89421	-50.3855	593.000358488644	4294.489522206	4294.49638563608		22
109501080010	230.99687	-51.004112	1305.0007898215	4294.49772822948	4294.51283240529		22
109600010010	137.17879	21.429167	591.000364464708	4294.72669827699	4294.73353855899		22
109600020010	136.85141	20.58375	882.000544387847	4294.73492744873	4294.74513578836		22
109600030010	76.88604	27.599583	593.000366346678	4294.75920987112	4294.76607330128		22
109601040010	88.66125	13.65825	4295.00301071384	4297.42450115017	4297.47421183317		98
109601050010	69.00337	13.1165	648.000454483554	4297.4805544302	4297.48805443546		22
109601060010	68.99996	13.0008335	4228.00297454232	4297.48909610286	4297.53803132247		22
109700010010	341.2101	55.418472	593.000475180452	4297.7150453446	4297.72190877602		22
109700020010	341.43112	55.46325	792.000636662124	4297.72323979562	4297.73240646966		22
109700030010	214.86159	49.196888	592.000482176081	4297.74888796449	4297.75573982192		22
109700720020	267.0042	-27.309668	2024.00121603278	4300.44162115285	4300.46504709285		98
109700730010	248.99	-40.034306	649.000390438596	4300.47188737472	4300.47939895331		22
109700740010	248.99825	-40.00072	3915.00235869898	4300.48042904653	4300.52574157383		22
109800000020	249.04675	-40.050556	2087.00128859491	4300.62377404106	4300.64792914857		22
109800010010	289.30054	10.6925	593.000365875196	4300.73930651976	4300.74616994992		22
109800670020	215.92212	55.413223	3427.00207606831	4303.41791927884	4303.45758365472		98
109800680010	210.01926	43.00261	649.000393581809	4303.46222486124	4303.46973643987		22
109800690010	210.00053	42.997917	4228.00256333139	4303.47076653308	4303.51970174793		22
109900000020	210.0765	43.054585	2300.00142741774	4303.61217865638	4303.63879904327		22
109900010010	219.61734	55.101196	650.000400652061	4303.72975974767	4303.73728290045		22
109900710010	211.90633	49.295918	592.000364462729	4306.45193735007	4306.45878920614		22
109900720010	212.90521	49.10025	4475.0027545786	4306.46013179956	4306.51192581292		22
110000000020	213.0202	49.140945	2314.00145285006	4306.60336105466	4306.63014347888		22
110000010010	219.71008	56.684166	650.000406074105	4306.72093057283	4306.72845372568		22
110000680010	207.9343	49.026443	5254.00320652407	4309.38992526832	4309.45073549062		98
110000690010	207.92255	49.020916	3254.00198510033	4309.45176558384	4309.48942764385		22
110100000020	208.0418	49.038776	2301.00143574527	4309.59391844862	4309.62055040968		22
110100690010	260.0001	-20.00011	8354.00563182193	4312.39055212706	4312.48724200706		98
110200000020	260.0463	-19.939056	1907.0012755139	4312.58713790727	4312.60920968129		22
110200010010	288.83417	10.2045	647.000421246048	4312.70145511243	4312.70894354323		22
110200680020	213.32112	52.263443	2652.0015906397	4315.39117897606	4315.42187343892		98
110200690010	209.98846	40.000526	649.000388709828	4315.42645677501	4315.43396835358		22
110200700010	210.00053	40.000057	4067.00244035746	4315.4349984468	4315.4820702343		22
110300000020	210.09679	40.054585	2283.00140277715	4315.57838973686	4315.60481336421		22
110300010010	265.56012	-29.251167	590.000361166312	4315.69440832656	4315.70123703445		22
110300700010	209.98088	39.998943	649.000396725023	4318.41942157887	4318.42693315754		22
110300710010	210.00154	40.00022	4000.00244929106	4318.42797482485	4318.4742711495		22
110400000020	210.0438	40.047165	2173.00136071863	4318.56974574534	4318.59489622406		22
110400010010	263.6754	2.2679167	595.000371843344	4318.66210691425	4318.66899349263		22
110400020010	263.53537	2.6855	737.000460593845	4318.67039395645	4318.67892405438		22
110400030010	288.19482	10.422389	649.000405447441	4318.68695646679	4318.69446804556		22
110400700010	156.96371	-14.40675	592.000361162354	4321.40889099849	4321.41574285452		22
110400710010	157.00175	-13.998083	3984.0024302277	4321.41708544793	4321.46319658717		22
111000010010	205.78137	52.389584	680.000425109756	4336.66006943066	4336.66793980596		22
111000540010	210.88567	53.553696	3335.00209432386	4338.76916795839	4338.80776751967		98
111000680010	200.01704	40.002277	649.000410240842	4339.35497851285	4339.36249009168		22
111000690010	200.00046	40.000084	3984.00252310967	4339.36352018493	4339.40963132524		22
111100000020	200.00038	40.070557	2240.00146046164	4339.50678416486	4339.53271010769		22
111100010010	219.33313	51.86536	651.000426188693	4339.65078888888	4339.65832361603		22
111100490010	219.23074	50.813026	3335.00207703619	4341.55855631761	4341.59715587869		98
111100500010	222.25766	51.87575	3334.00207633094	4341.59868365741	4341.6372716444		22
111100510010	133.39029	72.40336	651.000405757804	4341.64851007732	4341.65604480424		98
111100680010	180.00674	40.006054	649.000522532151	4342.34650826759	4342.35401984771		22
111100690010	180.00034	39.99975	3946.00317367294	4342.35504994113	4342.40072127416		22
111200010010	149.37167	67.24558	645.000473977416	4342.64270062766	4342.65016591092		22
111200660010	178.96263	-23.19925	593.000447677332	4345.33987859715	4345.34674202826		22
111200670010	178.99954	-22.99875	3919.00294136431	4345.34807304778	4345.39343187812		22
111300000020	178.93813	-22.964195	2128.0015350203	4345.49086250487	4345.51549215227		22
111300010010	180.498	38.82347	592.000406581792	4345.63652233011	4345.64337418667		22
111300630010	181.92241	-22.4205	592.00034874666	4348.33049388646	4348.33734574235		22
111300640010	182.003	-21.998222	3944.00232249463	4348.33868833572	4348.38433651075		22
111400000020	182.01175	-21.927334	2167.00129220844	4348.48319073508	4348.50827176856		22
111400010010	297.3749	11.345528	592.000370199094	4348.62880424858	4348.63565610471		22
111400730010	99.99396	-22.011667	649.000495421933	4351.32062329518	4351.32813487499		22
111400740010	100.00025	-21.999916	1194.00091356947	4351.32917654246	4351.34299599748		22
112000000020	24.001041	12.192361	2782.00202375301	4366.42839955859	4366.46059865609		22
112000010010	20.1265	58.161304	592.000474318047	4366.57293670559	4366.57978856293		22
112000530010	185.86838	3.326611	3531.00209998665	4368.46829680386	4368.50916488372		98
112000540010	185.33754	1.2115278	3531.00209794356	4368.51049590303	4368.55136398287		98
112000710010	202.06416	-51.21472	593.000350237708	4369.26563523875	4369.27249866873		22
112000720010	202.00024	-51.001	3928.002326141	4369.27384126212	4369.31930425201		22
112100000020	202.01787	-50.963	2858.00171839655	4369.41988301534	4369.45296173894		22
112100010010	294.70996	19.752138	587.000357950456	4369.56482523301	4369.57161921863		22
112100700010	205.07567	-51.523445	593.000358645804	4372.25694501383	4372.2638084439		22
112100710010	205.00366	-50.99675	3928.0023732892	4372.26515103731	4372.31061402775		22
112200000020	205.004	-50.960083	2724.00165941217	4372.4137506639	4372.44527846088		22
112200010010	183.365	6.984611	798.000493476866	4372.55525538062	4372.56449149744		22
112200990010	27.999083	14.000083	5901.00422419491	4375.23067374643	4375.29897240644		98
112300010010	30.76375	63.65222	793.0006632203	4375.54760686037	4375.55678510879		22
112300710010	212.00291	-51.002	5838.003609507	4378.21569895493	4378.28326844115		98
112400010010	300.5608	26.816944	792.000502839801	4378.5153403449	4378.52450701739		22
112400020010	299.5502	27.25175	1032.00065402489	4378.52589590715	4378.53784035917		22
112400030010	306.48224	37.9535	801.000505650882	4378.54225008417	4378.55152092336		22
112400650010	187.10237	7.2728333	3530.00214509375	4380.91725161499	4380.9581081213		98
112400660010	186.71124	5.1329446	3531.0021465848	4380.95943914062	4381.00030722102		98
112400730010	214.99971	-50.00022	5901.00362219091	4381.20255271474	4381.27085136777		98
