114100020010	299.322	28.693832	2404.0014696453	4429.39753801738	4429.42536210846	2012-02-16T09:31:26	2012-02-16T10:11:30	358.85455	-42.811417	-140.78014
114100030010	301.34628	35.487446	2171.00132284686	4429.42863757341	4429.45376490354	2012-02-16T10:16:10	2012-02-16T10:52:22	350.64334	-42.448776	-145.9865
114100040010	303.73532	42.220585	2171.00132041087	4429.45693620175	4429.48206353185	2012-02-16T10:56:58	2012-02-16T11:33:06	343.5358	-40.25397	-150.75607
114100050010	306.73743	48.949722	2171.00131773914	4429.48516538559	4429.51029271565	2012-02-16T11:37:34	2012-02-16T12:13:46	337.89792	-36.692974	-155.48659
114100060010	315.93137	52.97889	2170.00131632667	4429.5134524398	4429.53856819577	2012-02-16T12:18:18	2012-02-16T12:54:30	333.64322	-35.69289	-165.69507
114100070010	326.7101	56.1345	2170.00131546229	4429.54169319766	4429.56680895363	2012-02-16T12:58:58	2012-02-16T13:35:10	330.08197	-33.819584	-177.19919
114100080010	339.0615	58.207165	2170.00131671957	4429.56988765921	4429.59500341519	2012-02-16T13:39:38	2012-02-16T14:15:49	327.3923	-31.2595	170.04366
114100090010	352.4148	58.958	2171.00131766056	4429.59804739851	4429.62317472858	2012-02-16T14:20:13	2012-02-16T14:56:21	325.6467	-28.251862	156.62614
114100100010	5.7900834	58.309387	2170.00131876266	4429.62619556374	4429.65131131975	2012-02-16T15:00:45	2012-02-16T15:36:54	324.83215	-24.997055	143.55127
114100110010	18.346542	56.3355	2283.00138910417	4429.65432058085	4429.68074420804	2012-02-16T15:41:13	2012-02-16T16:19:12	324.88907	-21.631416	131.6831
114100120010	31.044	57.128944	2170.00132269168	4429.70243403606	4429.72754979211	2012-02-16T16:50:29	2012-02-16T17:26:40	327.5083	-16.06525	120.65515
114100130010	43.9775	56.568474	2170.00132449903	4429.73054747911	4429.75566323518	2012-02-16T17:31:01	2012-02-16T18:07:10	330.67404	-10.739611	109.76923
114100140010	55.99267	54.78439	2171.00132496853	4429.75863777403	4429.78376510418	2012-02-16T18:11:25	2012-02-16T18:47:38	334.31772	-5.835139	100.154564
114100150010	66.714836	51.922417	2171.00132512569	4429.78672806895	4429.8118553991	2012-02-16T18:51:52	2012-02-16T19:28:05	338.48737	-1.3882222	92.25131
114100160010	75.98937	48.212112	2170.00132764224	4429.81485308611	4429.83996884222	2012-02-16T19:32:21	2012-02-16T20:08:34	343.20062	2.4897778	86.26219
114100170010	83.93508	43.819054	2172.0013359678	4429.84300125148	4429.86814015583	2012-02-16T20:12:53	2012-02-16T20:49:06	348.49704	5.640139	82.17135
114100180010	86.30171	36.981945	2170.00134705158	4429.87133460225	4429.89645035858	2012-02-16T20:53:41	2012-02-16T21:29:52	352.71375	4.7504444	84.04931
114100190010	88.251335	30.160278	2170.00136669667	4429.89969110135	4429.92480685791	2012-02-16T21:34:34	2012-02-16T22:10:42	356.63763	2.7745	86.790665
114100200010	89.93246	23.315306	2170.00139192096	4429.92810547112	4429.95322122797	2012-02-16T22:15:30	2012-02-16T22:51:36	0.024916667	-0.21452777	90.233604
114100210010	91.45554	16.453945	3901.00257859449	4429.95655456348	4430.00170505628	2012-02-16T22:56:24	2012-02-17T00:01:26	2.6515	-4.042444	94.21536
114100220010	92.85717	9.596167	2171.00148291502	4430.00504996595	4430.03017729793	2012-02-17T00:06:18	2012-02-17T00:42:25	4.298042	-8.459639	98.58059
114100230010	94.24071	2.6705	2171.00152047642	4430.03356850398	4430.05869583639	2012-02-17T00:47:20	2012-02-17T01:23:29	4.8680415	-13.209888	103.22451
114100240010	99.13671	-2.3361945	2170.00155426795	4430.06202917208	4430.08714493081	2012-02-17T01:28:16	2012-02-17T02:04:30	8.394292	-17.619444	107.63458
114100250010	94.18479	20.630806	795.000581099885	4430.09601067798	4430.1052120736	2012-02-17T02:17:14	2012-02-17T02:30:30	4.3569164	-0.45708334	90.48842
114100260010	94.18662	20.626917	2200.0016288599	4430.10625374104	4430.13171672285	2012-02-17T02:31:57	2012-02-17T03:08:42	4.359375	-0.4588889	90.490326
114100270010	88.62442	25.405056	2171.00164832664	4430.13487644745	4430.16000378134	2012-02-17T03:13:12	2012-02-17T03:49:26	358.40558	0.46069443	89.48997
114100280010	82.607414	29.954222	2171.00169186015	4430.16308248742	4430.18820982181	2012-02-17T03:53:49	2012-02-17T04:30:00	352.53674	0.12263889	89.85846
114100290010	75.96304	34.272278	2171.00172745704	4430.19126537977	4430.21639271458	2012-02-17T04:34:25	2012-02-17T05:10:32	346.84024	-1.287	91.55747
114100300010	68.7165	38.123474	2172.00175480102	4430.21939040218	4430.24452931138	2012-02-17T05:14:54	2012-02-17T05:51:04	341.53732	-3.588361	94.56322
114100310010	64.44321	44.427444	2171.00176690437	4430.24755014717	4430.27267748243	2012-02-17T05:55:25	2012-02-17T06:31:38	338.56134	-4.1901946	95.87252
114100320010	59.26875	50.470554	2171.00177044049	4430.2756520219	4430.30077935721	2012-02-17T06:35:52	2012-02-17T07:12:06	335.8665	-5.416222	98.52853
114100330010	52.563915	56.225304	2170.00176447036	4430.30376547075	4430.32888123191	2012-02-17T07:16:26	2012-02-17T07:52:32	333.49985	-7.231	103.08605
114100340010	43.57725	61.489777	2171.0017492238	4430.33185577137	4430.35698310643	2012-02-17T07:56:50	2012-02-17T08:33:01	331.5805	-9.530139	110.29597
114100350010	31.360542	65.9482	3899.00308387005	4430.35995764584	4430.40508499635	2012-02-17T08:37:18	2012-02-17T09:42:18	330.2145	-12.15475	121.10543
114100360010	14.699208	69.05016	2170.00167763908	4430.40805953571	4430.43317529586	2012-02-17T09:46:34	2012-02-17T10:22:46	329.4556	-15.0865555	136.71466
114100370010	357.60117	66.28616	2171.00164730509	4430.43616140926	4430.46128874314	2012-02-17T10:27:01	2012-02-17T11:03:14	328.46176	-20.99	152.95921
114100380010	344.69107	62.074085	2170.00161776086	4430.46426328242	4430.48937904188	2012-02-17T11:07:30	2012-02-17T11:43:41	328.2834	-26.951778	165.4165
114100390010	335.21838	56.966583	2171.001594892	4430.49237672928	4430.51750406256	2012-02-17T11:48:02	2012-02-17T12:24:10	329.09042	-32.88353	174.85678
114100400010	328.1209	51.318863	2169.00157179334	4430.52054804626	4430.54565223112	2012-02-17T12:28:34	2012-02-17T13:04:42	331.1971	-38.640835	-177.5977
114100410010	322.55075	45.287	2171.00155308726	4430.5487540852	4430.57388141799	2012-02-17T13:09:09	2012-02-17T13:45:22	335.118	-44.01847	-170.99799
114100420010	318.1487	39.080418	2170.00153069384	4430.57702956838	4430.60214532684	2012-02-17T13:49:54	2012-02-17T14:26:02	341.33978	-48.53939	-164.88626
114100430010	310.7198	35.291916	2170.00150924141	4430.60564069966	4430.63075645787	2012-02-17T14:31:06	2012-02-17T15:07:14	349.70978	-47.67664	-154.93547
114100440010	304.03116	31.119612	5615.00381417864	4430.6342865529	4430.69927502297	2012-02-17T15:12:23	2012-02-17T16:45:54	357.068	-44.885693	-145.5199
114100450010	279.4	-28.43739	799.000528914621	4430.72013151833	4430.72937920964	2012-02-17T17:15:59	2012-02-17T17:29:14	5.48425	7.187222	-81.82023
114100460010	279.36963	-28.266277	893.000588371069	4430.73071022903	4430.74104588398	2012-02-17T17:31:11	2012-02-17T17:46:02	5.5525417	7.0579166	-81.98061
114100470010	265.9033	-29.2925	799.000523021095	4430.74536301646	4430.7546107077	2012-02-17T17:52:18	2012-02-17T18:05:35	355.14825	1.3455555	-88.457115
114100480010	265.90518	-29.262444	1800.00117341406	4430.75564080096	4430.77647414788	2012-02-17T18:07:06	2012-02-17T18:37:06	355.15854	1.3322222	-88.47285
114100490010	263.93182	-30.295166	1800.00116634183	4430.77781674134	4430.79865008817	2012-02-17T18:39:03	2012-02-17T19:09:03	353.40076	0.90891665	-88.94732
114100500010	263.90695	-28.297638	1800.0011608412	4430.80010842244	4430.82094176921	2012-02-17T19:11:06	2012-02-17T19:41:06	353.8813	0.04763889	-89.945885
114100510010	265.84247	-27.265972	1800.00115510484	4430.82227278858	4430.84310613528	2012-02-17T19:43:03	2012-02-17T20:13:02	355.64542	0.38230556	-89.5699
114100520010	267.83826	-28.20211	1800.00115078292	4430.84444872873	4430.86528207539	2012-02-17T20:14:58	2012-02-17T20:44:58	356.94528	1.6647222	-88.110954
114100530010	253.25642	-38.131416	799.000509033795	4430.87102281979	4430.88027051087	2012-02-17T20:53:14	2012-02-17T21:06:34	342.99768	0.3296389	-89.58094
114100540010	253.25175	-38.06078	3334.00211907865	4430.8813121782	4430.91990016569	2012-02-17T21:08:02	2012-02-17T22:03:38	343.013	0.30491668	-89.61273
114100550010	252.65842	-35.93911	3334.00211004191	4430.92124275912	4430.95983074651	2012-02-17T22:05:34	2012-02-17T23:01:06	343.0238	-0.504	-90.62251
114100560010	255.2747	-35.45825	3335.00210446073	4430.96116176587	4430.99976132727	2012-02-17T23:03:02	2012-02-17T23:58:38	344.86078	0.5811389	-89.28652
114100570010	255.93263	-37.569138	3335.00209943159	4431.00109234661	4431.03969190795	2012-02-18T00:00:34	2012-02-18T00:56:08	344.8215	1.4440556	-88.17801
114100580010	256.61566	-39.663418	3334.00209275424	4431.04120811262	4431.0797960998	2012-02-18T00:58:18	2012-02-18T01:53:54	344.71182	2.2945278	-87.01881
114100590010	257.33276	-41.767445	3334.00208953244	4431.08113869324	4431.11972668038	2012-02-18T01:55:46	2012-02-18T02:51:25	344.52682	3.1374166	-85.79182
114100600010	258.12247	-43.85947	3334.00208521052	4431.12106927382	4431.15965726091	2012-02-18T02:53:20	2012-02-18T03:48:53	344.29208	3.9766111	-84.48079
114100610010	260.98932	-43.23714	3334.00208191015	4431.16118503965	4431.19977302671	2012-02-18T03:51:04	2012-02-18T04:46:41	345.97992	5.3055835	-82.70812
114100620010	260.1252	-41.160667	3335.00207797915	4431.20111562014	4431.23971518122	2012-02-18T04:48:38	2012-02-18T05:44:10	346.28915	4.376111	-84.18304
114100630010	259.33258	-39.0805	3334.00207161612	4431.24104620057	4431.27963418751	2012-02-18T05:46:06	2012-02-18T06:41:42	346.52988	3.445639	-85.559494
114100640010	258.56094	-37.003166	3334.00206792285	4431.28115039216	4431.31973837906	2012-02-18T06:43:54	2012-02-18T07:39:26	346.6738	2.5020278	-86.86644
114100650010	257.8405	-34.915165	3335.0020657992	4431.32124300962	4431.35984257056	2012-02-18T07:41:34	2012-02-18T08:37:10	346.74957	1.5624444	-88.09446
114100660010	260.3733	-34.3115	3335.00206202734	4431.36134720112	4431.39994676203	2012-02-18T08:39:22	2012-02-18T09:34:54	348.62433	2.5606945	-86.89935
114100670010	261.16592	-36.387028	3335.00205919845	4431.40127778138	4431.43987734225	2012-02-18T09:36:48	2012-02-18T10:32:26	348.53296	3.5670834	-85.56744
114100680010	261.9816	-38.449444	114.000071439659	4431.44138197281	4431.44270141808	2012-02-18T10:34:34	2012-02-18T10:36:30	348.35413	4.5559444	-84.17871
114100690010	262.85425	-40.514473	3334.00205700018	4431.48133570118	4431.51992368795	2012-02-18T11:32:05	2012-02-18T12:27:42	348.09808	5.5421667	-82.70164
114100700010	263.80295	-42.55775	3333.0020576308	4431.52145146667	4431.56002787937	2012-02-18T12:29:54	2012-02-18T13:25:26	347.78036	6.518833	-81.13377
114100710010	266.55508	-41.81636	3335.00205786258	4431.5615556581	4431.60015521895	2012-02-18T13:27:38	2012-02-18T14:23:13	349.52966	7.7850556	-79.52817
114100720010	265.53333	-39.78422	3334.00205833605	4431.60149781237	4431.64008579916	2012-02-18T14:25:10	2012-02-18T15:20:42	349.91333	6.7075	-81.25755
114100730010	264.593	-37.75139	3335.00205856981	4431.64159042972	4431.68018999058	2012-02-18T15:22:54	2012-02-18T16:18:25	350.21463	5.63075	-82.871635
114100740010	263.70316	-35.705112	3336.00205864641	4431.68168304705	4431.72029418199	2012-02-18T16:20:37	2012-02-18T17:16:14	350.4275	4.5456667	-84.399055
114100750010	262.85593	-33.645527	3335.00205731252	4431.72162520133	4431.76022476218	2012-02-18T17:18:09	2012-02-18T18:13:41	350.55182	3.4568334	-85.84643
114100760010	262.78018	-34.198776	3335.00205636956	4431.76125485541	4431.79985441625	2012-02-18T18:15:12	2012-02-18T19:10:46	349.9057	4.2204165	-84.89514
114100770010	263.67978	-36.243916	3334.00205605722	4431.80118543558	4431.83977342234	2012-02-18T19:12:40	2012-02-18T20:08:16	349.79138	5.28525	-83.44176
114100780010	264.61066	-38.27536	110.000067439978	4431.84128962698	4431.84256277591	2012-02-18T20:10:24	2012-02-18T20:12:16	349.58066	6.3405557	-81.912964
114100790010	265.6146	-40.298527	3335.00205770542	4431.88139381839	4431.91999337924	2012-02-18T21:08:10	2012-02-18T22:03:46	349.29718	7.39325	-80.28671
114100800010	266.70004	-42.31328	3335.00205919845	4431.92133597266	4431.95993553353	2012-02-18T22:05:42	2012-02-18T23:01:18	348.93875	8.438	-78.55444
114100820010	267.9372	-30.201584	1135.00070261944	4431.98348878883	4431.99662537104	2012-02-18T23:35:14	2012-02-18T23:54:08	356.45642	2.5421388	-87.05828
114100830010	265.966	-31.262583	2815.00174237008	4431.99795639038	4432.03053742906	2012-02-18T23:56:02	2012-02-19T00:42:54	354.6972	2.08875	-87.55623
114200020010	265.88855	-28.595333	1864.00117124431	4432.38796820721	4432.40954229484	2012-02-19T09:17:38	2012-02-19T09:48:42	355.40286	0.89088887	-88.98533
114200030010	263.91483	-29.607084	1801.00113160734	4432.41087331419	4432.4317182347	2012-02-19T09:50:38	2012-02-19T10:20:38	353.658	0.45191666	-89.4802
114200040010	263.91724	-27.602861	1801.00113207882	4432.43304925406	4432.45389417457	2012-02-19T10:22:34	2012-02-19T10:52:34	354.1018	-0.3529722	-90.398315
114200050010	265.85275	-26.59689	1801.00113239314	4432.45521361984	4432.47605854035	2012-02-19T10:54:30	2012-02-19T11:24:30	355.85364	-0.0016944445	-90.001915
114200060010	267.82394	-27.554083	1801.00113270746	4432.4773895597	4432.49823448022	2012-02-19T11:26:26	2012-02-19T11:56:26	357.17905	1.2357222	-88.60614
114200070010	267.8992	-29.554583	1800.00113176648	4432.49957707366	4432.52041042009	2012-02-19T11:58:22	2012-02-19T12:28:22	356.67233	2.1624722	-87.513885
114200080010	265.92563	-30.595917	1801.0011329432	4432.52174143945	4432.54258635997	2012-02-19T12:30:18	2012-02-19T13:00:18	354.91245	1.7128611	-88.009995
114200090010	222.89479	-25.60789	799.000502983108	4432.55321136666	4432.56245905767	2012-02-19T13:15:34	2012-02-19T13:28:54	322.3857	-18.984917	-111.146576
114200100010	222.88821	-25.549917	1979.0012442536	4432.56348915091	4432.58639425791	2012-02-19T13:30:22	2012-02-19T14:03:22	322.35837	-18.992472	-111.14433
114200110010	224.04305	-27.26175	1955.00123086385	4432.58765583278	4432.61028316184	2012-02-19T14:05:10	2012-02-19T14:37:46	323.7655	-18.145416	-110.50841
114200120010	225.23337	-28.96	1956.00123699114	4432.6117993665	4432.6344382697	2012-02-19T14:39:59	2012-02-19T15:12:34	324.24884	-15.810166	-108.14286
114200130010	226.46976	-30.669666	1956.00124367047	4432.63612808559	4432.65876698887	2012-02-19T15:14:58	2012-02-19T15:47:36	327.30075	-17.5815	-110.55981
114200140010	227.73679	-32.329166	1956.00124877819	4432.66133643496	4432.6839753383	2012-02-19T15:51:20	2012-02-19T16:23:58	326.38184	-13.360389	-105.87058
114200150010	229.05879	-33.99414	1955.00125215913	4432.68521376502	4432.70784109433	2012-02-19T16:25:42	2012-02-19T16:58:16	327.4504	-12.211083	-104.78035
114200160010	230.43167	-35.655556	1956.00125632191	4432.71046841084	4432.73310731427	2012-02-19T17:02:06	2012-02-19T17:34:41	331.38812	-14.838722	-108.37196
114200170010	231.864	-37.291668	1956.00125930796	4432.73438046324	4432.75701936671	2012-02-19T17:36:29	2012-02-19T18:09:04	333.01962	-14.2543335	-108.02913
114200180010	233.36	-38.903557	1957.00126182055	4432.75851242322	4432.78116290079	2012-02-19T18:11:18	2012-02-19T18:43:52	333.0014	-11.7245	-105.13661
114200190010	234.92525	-40.4995	1955.00126143161	4432.78282956853	4432.80545689794	2012-02-19T18:46:18	2012-02-19T19:18:49	332.25366	-8.4944725	-101.20122
114200200010	236.58421	-42.07789	1956.00126276549	4432.80714671385	4432.82978561736	2012-02-19T19:21:18	2012-02-19T19:53:53	335.5129	-9.753944	-103.194244
114200210010	238.29004	-43.63064	1957.00126449228	4432.83122080348	4432.85387128107	2012-02-19T19:55:57	2012-02-19T20:28:33	337.92737	-9.960195	-103.82549
114200220010	240.10533	-45.150806	1956.00126237259	4432.85513285595	4432.87777175945	2012-02-19T20:30:26	2012-02-19T21:02:56	338.51425	-8.276722	-101.77798
114200230010	242.01921	-46.634888	1957.00126150623	4432.88001713128	4432.90266760884	2012-02-19T21:06:13	2012-02-19T21:38:48	336.92197	-4.615	-96.72928
114200240010	244.0402	-48.095196	1956.00125977944	4432.90390603557	4432.92654493904	2012-02-19T21:40:37	2012-02-19T22:13:14	338.54193	-4.029028	-96.038635
114200250010	246.17542	-49.52225	1956.00125805067	4432.92798012515	4432.9506190286	2012-02-19T22:15:17	2012-02-19T22:47:52	340.98257	-4.0906944	-96.30898
114200260010	248.43492	-50.89936	1956.001258365	4432.95227412224	4432.9749130257	2012-02-19T22:50:18	2012-02-19T23:22:54	339.73184	-1.0538056	-91.67102
114200270010	250.8543	-52.22436	1954.00125333981	4432.97625561915	4432.99887137439	2012-02-19T23:24:48	2012-02-19T23:57:22	341.3371	-0.37419444	-90.61083
114200280010	253.39638	-53.515446	1956.00125027122	4433.00039915316	4433.02303805652	2012-02-19T23:59:33	2012-02-20T00:32:08	344.1406	-0.55030555	-90.92557
114200290010	256.08478	-54.73111	1957.00124814757	4433.02465842793	4433.04730890533	2012-02-20T00:34:29	2012-02-20T01:07:06	342.933	2.2267778	-86.14161
114200300010	258.94534	-55.894833	1956.00124571356	4433.04865149879	4433.07129040209	2012-02-20T01:09:02	2012-02-20T01:41:37	343.61118	3.60225	-83.56634
114200310010	261.97824	-56.97211	1956.001240763	4433.07310753287	4433.09574643612	2012-02-20T01:44:17	2012-02-20T02:16:53	341.82245	6.5391946	-77.93965
114200320010	265.18942	-57.985943	1957.00123753923	4433.09696171467	4433.11961219195	2012-02-20T02:18:38	2012-02-20T02:51:14	343.37064	7.297222	-76.13728
114200330010	268.58267	-58.917	1955.0012318854	4433.12104737804	4433.14367470712	2012-02-20T02:53:17	2012-02-20T03:25:52	345.79596	7.5995555	-75.15782
114200340010	272.14532	-59.745804	1955.00122764206	4433.14490155974	4433.16752888876	2012-02-20T03:27:38	2012-02-20T04:00:13	345.65536	9.400778	-71.08346
114200350010	275.87238	-60.46925	1957.00122528069	4433.16948490852	4433.19213538566	2012-02-20T04:03:02	2012-02-20T04:35:36	343.13882	12.3480835	-64.286606
114200360010	279.76508	-61.089943	1955.00122009835	4433.19333909012	4433.21596641905	2012-02-20T04:37:20	2012-02-20T05:09:58	342.9076	14.009055	-59.951145
114200370010	283.81418	-61.595806	1955.00121742662	4433.21737845698	4433.24000578588	2012-02-20T05:12:00	2012-02-20T05:44:34	345.13925	14.547055	-58.127983
114200380010	287.96176	-61.982834	1956.00121483149	4433.24127893482	4433.26391783777	2012-02-20T05:46:24	2012-02-20T06:19:02	346.4471	15.543056	-55.21814
114200390010	292.18286	-62.228916	1958.00121160573	4433.26674191358	4433.28940396464	2012-02-20T06:23:06	2012-02-20T06:55:42	341.60684	18.90775	-45.935703
114200400010	296.47687	-62.353138	1956.00120768067	4433.29063081725	4433.31326972012	2012-02-20T06:57:29	2012-02-20T07:30:06	342.2115	20.08361	-42.26569
114200410010	296.49445	-62.086224	1956.00120390882	4433.31429981335	4433.33693871617	2012-02-20T07:31:34	2012-02-20T08:04:09	341.97937	20.376389	-41.94726
114200420010	292.2394	-61.95811	1957.00120319962	4433.33817714286	4433.36082761975	2012-02-20T08:05:58	2012-02-20T08:38:33	341.57883	19.139862	-45.77851
114200430010	288.04074	-61.701084	1955.00119927456	4433.36205447235	4433.38468180105	2012-02-20T08:40:22	2012-02-20T09:12:54	341.83313	17.643333	-50.25768
114200440010	283.92853	-61.326305	830.000507950899	4433.38683458014	4433.3964410675	2012-02-20T09:16:01	2012-02-20T09:29:51	345.98776	14.372723	-58.84627
114200450010	283.941	-61.326332	1957.00119801331	4433.39747116073	4433.42012163756	2012-02-20T09:31:21	2012-02-20T10:03:59	345.99646	14.374416	-58.84223
114200460010	279.9399	-60.82539	1933.0011817161	4433.42160311995	4433.44397581881	2012-02-20T10:06:07	2012-02-20T10:38:19	347.1788	12.188666	-64.33465
114200470010	276.07367	-60.198555	1955.00119322387	4433.44638322769	4433.46901055631	2012-02-20T10:41:47	2012-02-20T11:14:23	343.64426	12.326834	-64.56059
114200480010	272.37054	-59.47492	1955.00119385251	4433.47029527933	4433.49292260796	2012-02-20T11:16:11	2012-02-20T11:48:47	344.92017	10.027361	-69.95183
114200490010	268.82843	-58.643112	1957.00119455578	4433.49426520137	4433.51691567816	2012-02-20T11:50:43	2012-02-20T12:23:23	343.2451	9.296917	-71.91333
114200500010	265.47107	-57.717472	1955.00119385251	4433.51825827156	4433.54088560019	2012-02-20T12:25:15	2012-02-20T12:57:50	342.54468	8.043861	-74.81144
114200510010	262.27188	-56.724415	1955.00119283097	4433.54311939786	4433.56574672648	2012-02-20T13:01:03	2012-02-20T13:33:39	345.1291	4.665111	-81.47534
114200520010	259.24786	-55.633057	1957.00119471294	4433.56796895006	4433.59061942685	2012-02-20T13:36:51	2012-02-20T14:09:31	341.78772	5.0740557	-80.98589
114200530010	256.39508	-54.479584	1955.0011947169	4433.59183470537	4433.61446203401	2012-02-20T14:11:15	2012-02-20T14:43:50	340.81943	3.9674444	-83.1605
114200540010	253.70717	-53.275	1956.00119581504	4433.61758703592	4433.64022593865	2012-02-20T14:48:19	2012-02-20T15:20:54	344.52133	-0.6073889	-91.015755
114200550010	251.16708	-51.999695	1956.00119612936	4433.6414875135	4433.66412641623	2012-02-20T15:22:43	2012-02-20T15:55:19	343.28625	-1.6548333	-92.688515
114200560010	248.76741	-50.671055	2067.00126474607	4433.66545743557	4433.68938106132	2012-02-20T15:57:15	2012-02-20T16:31:39	342.32196	-2.908	-94.59135
114200570010	246.4985	-49.294582	1956.00119848677	4433.70943894399	4433.73207784675	2012-02-20T17:00:35	2012-02-20T17:33:10	340.94632	-3.817	-95.858604
114200580010	244.37775	-47.879444	1956.00120131567	4433.73342044016	4433.75605934295	2012-02-20T17:35:07	2012-02-20T18:07:43	340.96463	-5.9216943	-98.848656
114200590010	242.348	-46.434387	1955.00120288925	4433.75733249188	4433.77995982062	2012-02-20T18:09:31	2012-02-20T18:42:06	339.585	-6.832556	-99.94027
114200600010	240.43225	-44.938805	1957.00120775728	4433.78257556298	4433.80522603992	2012-02-20T18:45:55	2012-02-20T19:18:30	335.5226	-5.0811944	-97.18765
114200610010	238.61275	-43.435	1956.00121090247	4433.80837419001	4433.83101309291	2012-02-20T19:23:03	2012-02-20T19:55:39	338.27097	-10.048223	-103.9028
114200620010	236.88496	-41.87886	1956.00121428142	4433.83396448363	4433.85660338657	2012-02-20T19:59:55	2012-02-20T20:32:31	333.73026	-7.5723057	-100.194336
114200630010	235.25441	-40.30622	1955.00121664081	4433.85794598	4433.8805733089	2012-02-20T20:34:23	2012-02-20T21:06:59	332.74396	-8.735945	-101.48801
114200640010	233.676	-38.720222	1955.00121954829	4433.88241358782	4433.90504091675	2012-02-20T21:09:39	2012-02-20T21:42:15	333.96136	-12.555278	-106.17781
114200650010	232.16537	-37.119057	1956.00122190372	4433.90632563978	4433.92896454281	2012-02-20T21:44:03	2012-02-20T22:16:39	333.18808	-14.178194	-107.889244
114200660010	230.72862	-35.479527	1956.00122465403	4433.93139509988	4433.95403400295	2012-02-20T22:20:11	2012-02-20T22:52:47	329.4334	-11.987945	-104.777466
114200670010	229.3457	-33.843723	1956.00122685428	4433.9567191898	4433.97935809289	2012-02-20T22:56:39	2012-02-20T23:29:15	330.7295	-16.40214	-109.875916
114200680010	228.01955	-32.173027	1958.00122865767	4433.98177707589	4434.00443912715	2012-02-20T23:32:43	2012-02-21T00:05:23	327.03403	-13.986055	-106.59058
114200690010	226.73705	-30.497139	1955.00122795638	4434.0059553318	4434.02858266083	2012-02-21T00:07:31	2012-02-21T00:40:07	326.9487	-16.752028	-109.54261
114200700010	225.50179	-28.809278	1957.00123258866	4434.03067756956	4434.05332804679	2012-02-21T00:43:07	2012-02-21T01:15:47	323.7418	-14.606361	-106.72615
114200710010	224.30241	-27.121027	1957.00123447459	4434.05593221508	4434.07858269234	2012-02-21T01:19:31	2012-02-21T01:52:07	324.3865	-18.873194	-111.31136
114200720010	223.143	-25.407139	1957.00123801071	4434.08045769352	4434.10310817081	2012-02-21T01:54:51	2012-02-21T02:27:27	321.43704	-16.893528	-108.76631
114200730010	225.90071	-23.807528	1956.00124288467	4434.10464752364	4434.12728642692	2012-02-21T02:29:39	2012-02-21T03:02:15	323.6322	-16.957195	-108.58937
114200740010	227.13145	-25.464	1953.00124878413	4434.12855957589	4434.15116375701	2012-02-21T03:04:07	2012-02-21T03:36:39	324.7404	-15.538777	-107.2604
114200750010	228.40375	-27.107195	1955.00125765975	4434.15242533188	4434.17505266125	2012-02-21T03:38:27	2012-02-21T04:11:03	326.25262	-14.937445	-106.83236
114200760010	229.71825	-28.747473	1956.00126362988	4434.17648784737	4434.19912675088	2012-02-21T04:13:07	2012-02-21T04:45:45	328.63733	-15.781861	-108.07185
114200770010	231.06592	-30.355389	1957.00127054297	4434.20083971494	4434.22349019261	2012-02-21T04:48:14	2012-02-21T05:20:49	328.83267	-12.993722	-105.10365
114200780010	232.45734	-31.962473	3264.00211929576	4434.22483278608	4434.26261058838	2012-02-21T05:22:46	2012-02-21T06:17:11	330.1086	-12.045417	-104.23966
114200790010	233.9087	-33.552387	1956.00127408106	4434.2646129045	4434.28725180814	2012-02-21T06:20:01	2012-02-21T06:52:39	333.2247	-13.716972	-106.53105
114200800010	235.41359	-35.123833	1956.00127596699	4434.28890690182	4434.31154580548	2012-02-21T06:55:02	2012-02-21T07:27:39	332.84763	-10.422139	-102.777885
114200810010	236.96928	-36.674362	1956.00127690996	4434.31375645507	4434.33639535874	2012-02-21T07:30:49	2012-02-21T08:03:27	336.25278	-12.223056	-105.30597
114200820010	238.59334	-38.192917	1957.00127832242	4434.33924258282	4434.36189306058	2012-02-21T08:07:31	2012-02-21T08:40:06	334.52386	-7.482	-99.536835
114200830010	240.28508	-39.698277	1956.00127659563	4434.36313148731	4434.38577039097	2012-02-21T08:41:53	2012-02-21T09:14:31	335.75775	-6.553472	-98.53038
114200840010	242.05342	-41.179806	1956.00127690996	4434.38702039179	4434.40965929546	2012-02-21T09:16:17	2012-02-21T09:48:55	337.31372	-5.9827776	-97.96013
114200850010	243.90163	-42.63778	1956.00127533835	4434.41146485218	4434.43410375583	2012-02-21T09:51:30	2012-02-21T10:24:05	340.16574	-6.7581387	-99.20485
114200860010	245.8365	-44.049168	1957.00127533637	4434.43644172032	4434.45909219805	2012-02-21T10:27:29	2012-02-21T11:00:05	338.61075	-2.864389	-93.986824
114200870010	247.86717	-45.442665	1956.00127376674	4434.46108294008	4434.48372184372	2012-02-21T11:02:56	2012-02-21T11:35:35	341.68738	-3.7534444	-95.35364
114200880010	249.99779	-46.78803	1955.00127078267	4434.48497184452	4434.50759917405	2012-02-21T11:37:20	2012-02-21T12:09:57	341.9576	-1.8401945	-92.6881
114200890010	252.23647	-48.094917	1956.00126928766	4434.50884917486	4434.53148807844	2012-02-21T12:11:46	2012-02-21T12:44:21	342.94458	-0.63544446	-90.951416
114200900010	254.59074	-49.36011	1957.00126826414	4434.53312002394	4434.55577050159	2012-02-21T12:46:40	2012-02-21T13:19:17	345.43637	-0.72575	-91.11434
114200910010	257.06622	-50.56789	1953.00126269285	4434.55704365056	4434.57964783184	2012-02-21T13:21:06	2012-02-21T13:53:41	345.5431	1.2521944	-88.02831
114200920010	259.67792	-51.722805	1956.00126205827	4434.5809904253	4434.6036293288	2012-02-21T13:55:36	2012-02-21T14:28:13	345.95703	2.9315555	-85.26429
114200930010	262.41116	-52.814415	1955.00125805265	4434.60506451492	4434.62769184429	2012-02-21T14:30:16	2012-02-21T15:02:53	345.39517	5.29425	-81.218605
114200940010	265.27045	-53.83472	1956.00125640049	4434.62932378979	4434.65196269322	2012-02-21T15:05:12	2012-02-21T15:37:51	344.055	8.091556	-76.200714
114200950010	268.283	-54.795696	1956.0012539645	4434.65361778688	4434.67625669028	2012-02-21T15:40:08	2012-02-21T16:12:45	346.37766	8.281167	-75.53198
114200960010	271.43472	-55.67317	1956.00125121418	4434.67747196884	4434.70011087222	2012-02-21T16:14:34	2012-02-21T16:47:09	346.84845	9.757417	-72.51009
114200970010	274.72412	-56.469055	1956.00124854245	4434.70132615077	4434.72396505411	2012-02-21T16:48:53	2012-02-21T17:21:28	348.33658	10.589723	-70.56776
114200980010	278.14084	-57.166306	3504.00223747711	4434.72537709205	4434.7659326735	2012-02-21T17:23:33	2012-02-21T18:21:52	346.93454	13.1386385	-65.21394
114200990010	281.694	-57.776695	1956.00124202028	4434.76726369285	4434.78990259612	2012-02-21T18:23:49	2012-02-21T18:56:25	347.28937	14.597111	-61.79427
114201000010	285.33133	-58.272804	1957.00123918941	4434.79144194895	4434.81409242626	2012-02-21T18:58:40	2012-02-21T19:31:17	345.35583	17.166222	-55.85813
114201010010	289.09583	-58.679085	1957.00123659626	4434.81743733578	4434.84008781306	2012-02-21T19:36:05	2012-02-21T20:08:40	350.606	16.185944	-57.57178
114201020010	292.91278	-58.965332	831.000523822149	4434.84232161077	4434.85193967239	2012-02-21T20:11:58	2012-02-21T20:25:44	346.25925	19.757805	-49.028076
114201030010	292.90213	-58.956333	1955.00123133534	4434.85296976564	4434.8755970947	2012-02-21T20:27:17	2012-02-21T20:59:50	346.27307	19.753805	-49.0507
114201040010	296.77414	-59.128277	3684.00231444393	4434.87695126222	4434.9195901779	2012-02-21T21:01:46	2012-02-21T22:03:12	345.5173	21.515444	-44.37708
114201050010	83.80129	-64.26092	795.000498119043	4434.93381472386	4434.94301611851	2012-02-21T22:23:41	2012-02-21T22:36:54	335.23508	-8.726973	110.44935
114201060010	83.99509	-64.4975	3588.00224524748	4434.94441658235	4434.98594438612	2012-02-21T22:38:54	2012-02-21T23:38:42	335.26315	-8.709639	110.59167
114201070010	86.83129	-66.31839	3535.00220582646	4434.98746059076	4435.02837496815	2012-02-21T23:40:54	2012-02-22T00:39:46	335.50995	-9.060638	113.08384
114201070020	86.83129	-66.31839	2500.00155895832	4435.02837496815	4435.05731017137	2012-02-22T00:39:46	2012-02-22T01:21:30	335.50995	-9.060638	113.08384
114300020010	243.69841	-51.144722	1864.00116040022	4435.37742611087	4435.39900019838	2012-02-22T09:02:26	2012-02-22T09:33:30	339.6008	-4.7358055	-97.56219
114300030010	240.70284	-51.874	1801.00112657819	4435.40033121773	4435.42117613817	2012-02-22T09:35:26	2012-02-22T10:05:26	338.44434	-6.034917	-99.80454
114300040010	241.23392	-49.893112	1801.00112759974	4435.42250715752	4435.44335207798	2012-02-22T10:07:22	2012-02-22T10:37:22	338.6053	-6.16775	-99.60041
114300050010	244.09438	-49.160915	1801.00113003573	4435.44468309732	4435.46552801781	2012-02-22T10:39:18	2012-02-22T11:09:18	339.82205	-4.9303613	-97.55206
114300060010	246.59038	-50.34386	1801.00112241344	4435.46685903715	4435.48770395755	2012-02-22T11:11:14	2012-02-22T11:41:14	340.84326	-3.517639	-95.51707
114300070010	246.2898	-52.340584	1801.00113121443	4435.48903497691	4435.50987989741	2012-02-22T11:43:10	2012-02-22T12:13:11	340.60678	-3.3247778	-95.44698
114300080010	243.25679	-53.125084	1801.00113231456	4435.51121091676	4435.53205583728	2012-02-22T12:15:06	2012-02-22T12:45:06	339.4552	-4.6305	-97.73163
114300090010	296.85504	-59.204807	800.000504002674	4435.54108362073	4435.55034288583	2012-02-22T12:58:07	2012-02-22T13:11:26	345.7746	21.387611	-44.57786
114300100010	296.7686	-59.159416	1957.00123313873	4435.55137297906	4435.57402345629	2012-02-22T13:12:58	2012-02-22T13:45:34	345.8273	21.368305	-44.704838
114300110010	292.8887	-58.986805	1956.00123125478	4435.57536604973	4435.59800495287	2012-02-22T13:47:30	2012-02-22T14:20:07	345.49393	20.056889	-48.2698
114300120010	289.06912	-58.707863	825.000518019078	4435.6004123618	4435.6099609789	2012-02-22T14:23:35	2012-02-22T14:37:18	350.2805	16.315527	-57.257393
114300130010	289.08316	-58.712418	1955.00122795638	4435.61099107215	4435.63361840117	2012-02-22T14:38:46	2012-02-22T15:11:22	350.28357	16.318138	-57.24684
114300140010	285.31885	-58.30864	1957.0012260665	4435.63632673621	4435.65897721336	2012-02-22T15:15:14	2012-02-22T15:47:54	346.22058	16.712334	-56.811974
114300150010	281.66354	-57.805473	1956.00122339674	4435.66016934375	4435.6828082468	2012-02-22T15:49:34	2012-02-22T16:22:10	346.56387	14.953139	-61.03386
114300160010	278.11804	-57.196083	1955.0012222986	4435.68416241432	4435.70678974328	2012-02-22T16:24:10	2012-02-22T16:56:42	347.0753	13.030889	-65.40586
114300170010	274.6994	-56.4945	1956.00122151081	4435.70812076262	4435.73075966565	2012-02-22T16:58:39	2012-02-22T17:31:18	347.3075	11.19325	-69.411514
114300180010	271.40417	-55.70233	1957.00122033013	4435.73219485174	4435.75484532882	2012-02-22T17:33:21	2012-02-22T18:05:59	345.4113	10.643416	-70.8665
114300190010	268.25745	-54.83375	1956.00122001779	4435.75740320078	4435.78004210379	2012-02-22T18:09:42	2012-02-22T18:42:17	348.5155	6.7985	-78.139206
114300200010	265.2395	-53.868668	1956.00121954631	4435.78238006821	4435.80501897121	2012-02-22T18:45:37	2012-02-22T19:18:15	345.0022	7.39275	-77.39557
114300210010	262.3692	-52.847084	1956.00121923198	4435.80675508341	4435.82939398641	2012-02-22T19:20:47	2012-02-22T19:53:21	346.4782	4.4470835	-82.62365
114300220010	259.62817	-51.743694	1955.0012282707	4435.83084074657	4435.8534680756	2012-02-22T19:55:27	2012-02-22T20:27:58	344.05225	4.3812222	-82.91301
114300230010	257.03696	-50.586613	1956.00122088217	4435.85479909495	4435.87743799797	2012-02-22T20:29:55	2012-02-22T21:02:30	343.4828	2.9164166	-85.403625
114300240010	254.55383	-49.38425	1955.00122072699	4435.87868799876	4435.9013153277	2012-02-22T21:04:17	2012-02-22T21:36:54	343.62878	0.79322225	-88.78145
114300250010	252.1998	-48.12289	1955.00122104131	4435.90256532849	4435.92519265744	2012-02-22T21:38:41	2012-02-22T22:11:19	342.71878	-0.4652778	-90.69701
114300260010	249.96075	-46.818943	1956.00122284668	4435.9264542323	4435.94909313535	2012-02-22T22:13:05	2012-02-22T22:45:43	342.8547	-2.7126389	-93.965744
114300270010	247.83	-45.46714	1955.00122363446	4435.95035471021	4435.97298203919	2012-02-22T22:47:31	2012-02-22T23:20:06	340.97012	-3.0847778	-94.40076
114300280010	245.79962	-44.088028	1956.00122402539	4435.97499592934	4435.9976348324	2012-02-22T23:22:57	2012-02-22T23:55:35	342.12183	-6.485611	-99.04778
114300290010	243.864	-42.655556	1956.00122520409	4436.00042418599	4436.02306308906	2012-02-22T23:59:39	2012-02-23T00:32:14	337.8652	-4.331028	-95.89381
114300300010	242.01505	-41.214054	1956.00122536125	4436.02579457226	4436.04843347533	2012-02-23T00:36:11	2012-02-23T01:08:46	339.8017	-8.793222	-101.72499
114300310010	240.24892	-39.7275	1956.00122551841	4436.05013486528	4436.07277376835	2012-02-23T01:11:10	2012-02-23T01:43:50	337.03287	-8.090111	-100.543495
114300320010	238.55641	-38.223694	1956.00122394681	4436.0740469173	4436.09668582035	2012-02-23T01:45:37	2012-02-23T02:18:15	336.51566	-9.971444	-102.73332
114300330010	236.93437	-36.68922	1958.00122622168	4436.09800526562	4436.12066731685	2012-02-23T02:20:09	2012-02-23T02:52:46	334.22687	-9.66825	-102.089226
114300340010	235.37408	-35.1465	1956.00122433971	4436.12293583679	4436.14557473985	2012-02-23T02:56:01	2012-02-23T03:28:39	335.07904	-13.465611	-106.545845
114300350010	233.874	-33.570805	1955.0012226915	4436.14691733328	4436.16954466224	2012-02-23T03:30:33	2012-02-23T04:03:11	333.25208	-13.794861	-106.62942
114300360010	232.42905	-31.98214	1954.00122292922	4436.17082938527	4436.19344514016	2012-02-23T04:04:59	2012-02-23T04:37:34	331.01938	-13.452695	-105.918724
114300370010	231.03662	-30.371471	1956.00122331816	4436.19513495603	4436.21777385907	2012-02-23T04:39:58	2012-02-23T05:12:33	328.01038	-11.705055	-103.60009
114300380010	229.68175	-28.761583	1956.0012227681	4436.22006552717	4436.24270443021	2012-02-23T05:15:53	2012-02-23T05:48:31	328.41913	-15.469694	-107.71401
114300390010	228.37074	-27.132944	1956.00122331816	4436.24398915324	4436.26662805629	2012-02-23T05:50:17	2012-02-23T06:22:55	327.62408	-17.421167	-109.65863
114300400010	227.1023	-25.476418	1957.00122575217	4436.26969518784	4436.29234566499	2012-02-23T06:27:21	2012-02-23T06:59:58	323.57803	-13.317083	-104.78247
114300410010	225.86342	-23.828972	1957.00122968119	4436.29429011065	4436.31694058784	2012-02-23T07:02:46	2012-02-23T07:35:21	323.3141	-16.362444	-107.93664
114300420010	222.6307	-25.696417	1957.00123502465	4436.3188271631	4436.34147764035	2012-02-23T07:38:07	2012-02-23T08:10:43	322.54297	-19.684	-111.95015
114300430010	223.77788	-27.397917	1956.00124209886	4436.3442438458	4436.36688274907	2012-02-23T08:14:41	2012-02-23T08:47:19	321.87762	-15.207889	-107.18533
114300440010	224.96	-29.105972	1956.00125019264	4436.36810960171	4436.39074850507	2012-02-23T08:49:02	2012-02-23T09:21:39	323.57312	-15.056306	-107.29624
114300450010	226.1895	-30.808111	1956.00126064382	4436.39207952444	4436.41471842792	2012-02-23T09:23:34	2012-02-23T09:56:11	324.87784	-14.215361	-106.613434
114300460010	227.45	-32.497944	1955.0012694468	4436.41638509566	4436.43901242516	2012-02-23T09:58:35	2012-02-23T10:31:10	327.87903	-15.863194	-108.91048
114300470010	228.76167	-34.167583	1957.00126873562	4436.44027400006	4436.46292447771	2012-02-23T10:32:57	2012-02-23T11:05:35	329.80737	-15.762389	-109.16662
114300480010	230.12904	-35.826637	1956.00128586811	4436.46419762669	4436.48683653046	2012-02-23T11:07:26	2012-02-23T11:40:01	331.8205	-15.679083	-109.47011
114300490010	231.55383	-37.468113	1955.00128854183	4436.48812125353	4436.51074858326	2012-02-23T11:41:51	2012-02-23T12:14:27	333.13916	-14.682889	-108.623856
114300500010	233.04408	-39.090084	1955.00129168504	4436.51203330634	4436.5346606361	2012-02-23T12:16:19	2012-02-23T12:48:54	334.4819	-13.717639	-107.789925
114300510010	234.60521	-40.68661	1957.00129545294	4436.53652406325	4436.55917454121	2012-02-23T12:51:35	2012-02-23T13:24:11	333.91437	-10.655861	-104.11398
114300520010	236.24834	-42.273224	1955.0012930209	4436.56066759775	4436.58329492753	2012-02-23T13:26:19	2012-02-23T13:58:55	336.581	-11.161222	-105.165085
114300530010	237.95967	-43.82853	1956.00129317609	4436.58456807652	4436.60720698037	2012-02-23T14:00:47	2012-02-23T14:33:23	337.79965	-10.094722	-104.06139
114300540010	239.76175	-45.35964	1955.00128956337	4436.60856114794	4436.63118847768	2012-02-23T14:35:19	2012-02-23T15:07:55	337.95636	-8.012167	-101.44148
114300550010	241.68184	-46.846	2379.00156509131	4436.63300560851	4436.66054034884	2012-02-23T15:10:31	2012-02-23T15:50:07	337.0448	-5.0079165	-97.33262
114300560010	243.70033	-48.31547	1954.00128060719	4436.6807834177	4436.70339917326	2012-02-23T16:19:19	2012-02-23T16:51:51	339.5322	-5.170139	-97.78772
114300570010	245.846	-49.74825	1956.00127934595	4436.70473019266	4436.72736909635	2012-02-23T16:53:47	2012-02-23T17:26:23	339.84174	-3.3761945	-95.229355
114300580010	248.09271	-51.13486	1955.00127738342	4436.72871168982	4436.75133901942	2012-02-23T17:28:19	2012-02-23T18:00:55	341.5739	-2.8015	-94.467384
114300590010	250.50471	-52.468445	1955.00127502601	4436.75260059431	4436.77522792388	2012-02-23T18:02:43	2012-02-23T18:35:18	342.7031	-1.6879166	-92.77138
114300600010	253.06705	-53.7585	1956.0012743168	4436.77655894327	4436.79919784691	2012-02-23T18:37:15	2012-02-23T19:09:51	343.15497	-0.064444445	-90.10901
114300610010	255.762	-54.98192	1956.00128303922	4436.80043627365	4436.82307517739	2012-02-23T19:11:39	2012-02-23T19:44:11	343.39526	1.6573889	-87.110916
114300620010	258.63528	-56.153473	1951.00126969046	4436.82445249309	4436.8470335263	2012-02-23T19:46:11	2012-02-23T20:18:43	344.80228	2.5668612	-85.38796
114300630010	261.68887	-57.249554	1956.00126991631	4436.84888537935	4436.87152428294	2012-02-23T20:21:23	2012-02-23T20:53:59	347.62933	2.60725	-85.17649
114300640010	264.91217	-58.25628	1957.0012680284	4436.87390854375	4436.89655902138	2012-02-23T20:57:23	2012-02-23T21:30:03	344.89117	6.1444445	-78.261665
114300650010	268.32193	-59.185974	1957.00126574957	4436.89778587403	4436.92043635164	2012-02-23T21:31:47	2012-02-23T22:04:23	345.32034	7.642778	-74.95187
114300660010	271.91638	-60.024807	1956.00126260833	4436.92185996367	4436.94449886717	2012-02-23T22:06:27	2012-02-23T22:39:03	347.28253	8.290584	-73.22561
114300670010	275.67755	-60.753582	1957.00126095617	4436.94588775695	4436.96853823451	2012-02-23T22:41:03	2012-02-23T23:13:39	345.94772	10.704278	-67.6556
114300680010	279.60904	-61.37964	1957.00125852018	4436.96975351307	4436.9924039906	2012-02-23T23:15:27	2012-02-23T23:48:03	347.36475	11.671445	-65.01803
114300690010	283.67984	-61.88175	1957.00125490548	4436.99430213997	4437.01695261746	2012-02-23T23:50:47	2012-02-24T00:23:23	344.32874	14.677305	-57.47847
114300700010	287.86945	-62.26239	1956.00125239289	4437.01887391499	4437.04151281838	2012-02-24T00:26:11	2012-02-24T00:58:43	347.00595	15.096639	-55.97229
114300710010	292.13937	-62.50997	1957.0012508193	4437.04326050469	4437.06591098213	2012-02-24T01:01:15	2012-02-24T01:33:51	344.4789	17.636583	-48.97611
114300720010	296.4836	-62.63275	1956.00124602788	4437.06808690944	4437.09072581275	2012-02-24T01:37:03	2012-02-24T02:09:35	347.5666	18.012945	-47.72472
114300730010	296.5608	-61.632057	1956.00124264893	4437.09221886927	4437.11485777254	2012-02-24T02:11:47	2012-02-24T02:44:23	350.18256	17.758528	-50.06343
114300740010	292.36392	-61.495445	1957.00124115392	4437.11629295863	4437.13894343596	2012-02-24T02:46:27	2012-02-24T03:19:03	348.55774	16.812166	-52.693916
114300750010	288.22284	-61.2305	1955.00123683596	4437.14027445533	4437.16290178446	2012-02-24T03:20:59	2012-02-24T03:53:35	348.44107	15.254611	-56.86063
114300760010	284.16672	-60.842083	1956.00123573386	4437.1643022483	4437.18694115149	2012-02-24T03:55:35	2012-02-24T04:28:11	346.25107	14.6386385	-58.754654
114300770010	280.22937	-60.343807	1955.00123204256	4437.18815643004	4437.21078375911	2012-02-24T04:29:55	2012-02-24T05:02:31	346.92264	12.695444	-63.630314
114300780010	276.43384	-59.724583	1952.00122898386	4437.21282079744	4437.23541340425	2012-02-24T05:05:27	2012-02-24T05:37:59	350.11517	9.315222	-71.27277
114300790010	272.76083	-59.003082	1958.00123038644	4437.23824905419	4437.26091110547	2012-02-24T05:42:03	2012-02-24T06:14:41	345.6664	10.015139	-70.26368
114300800010	269.26938	-58.190693	1957.00122960261	4437.26327221807	4437.28592269526	2012-02-24T06:18:06	2012-02-24T06:50:47	348.57947	6.5631666	-77.476105
114300810010	265.93066	-57.266834	1955.0012282707	4437.28866575255	4437.31129308158	2012-02-24T06:54:41	2012-02-24T07:27:18	344.29565	7.3865833	-76.24565
114300820010	262.77203	-56.280167	1956.00122858305	4437.31378150907	4437.33642041218	2012-02-24T07:30:49	2012-02-24T08:03:26	347.19043	3.7141666	-83.29883
114300830010	259.77466	-55.20425	1955.0012175052	4437.33768198704	4437.36030931595	2012-02-24T08:05:18	2012-02-24T08:37:50	346.17966	2.4949722	-85.624985
114300840010	256.93845	-54.055305	1957.00122936687	4437.36204542816	4437.38469590535	2012-02-24T08:40:23	2012-02-24T09:12:57	343.51834	2.4768054	-85.77811
114300850010	254.26071	-52.849472	1956.00122991891	4437.38593433205	4437.40857323518	2012-02-24T09:14:46	2012-02-24T09:47:21	342.9048	1.027139	-88.29901
114300860010	251.73091	-51.592556	1956.00123062613	4437.41048295859	4437.43312186172	2012-02-24T09:50:07	2012-02-24T10:22:41	344.37708	-2.0962222	-93.37538
114300870010	249.344	-50.265804	1956.00123023323	4437.43488112208	4437.45752002521	2012-02-24T10:25:13	2012-02-24T10:57:50	340.7941	-1.2050278	-91.88536
114300880010	247.09662	-48.908916	1956.00124131306	4437.45939502639	4437.48203392964	2012-02-24T11:00:31	2012-02-24T11:33:05	342.72662	-4.89	-97.45198
114300890010	244.93613	-47.504333	1956.00123023323	4437.48374689368	4437.50638579681	2012-02-24T11:35:37	2012-02-24T12:08:09	339.31146	-3.99825	-95.92439
114300900010	242.91742	-46.07139	1955.00123007805	4437.50857329818	4437.53120062724	2012-02-24T12:11:23	2012-02-24T12:43:59	340.818	-7.5425	-100.90628
114300910010	240.9968	-44.599304	1956.00123188342	4437.53249692434	4437.55513582749	2012-02-24T12:45:47	2012-02-24T13:18:25	340.82242	-9.8180275	-103.85597
114300920010	239.17303	-43.090443	1955.00123070669	4437.5564321246	4437.57905945366	2012-02-24T13:20:15	2012-02-24T13:52:49	338.69983	-10.03325	-103.80198
114300930010	237.43774	-41.55336	1954.00122960855	4437.5803441767	4437.60295993167	2012-02-24T13:54:43	2012-02-24T14:27:19	336.61618	-10.201445	-103.690125
114300940010	235.77338	-39.99075	1956.00123023323	4437.60430252511	4437.62694142823	2012-02-24T14:29:11	2012-02-24T15:01:45	335.8378	-11.768306	-105.43873
114300950010	234.20683	-38.410057	1955.00122921367	4437.62828402167	4437.65091135072	2012-02-24T15:03:42	2012-02-24T15:36:17	334.24313	-12.396334	-105.90021
114300960010	232.7035	-36.814835	1955.00122858502	4437.65238125906	4437.67500858809	2012-02-24T15:38:25	2012-02-24T16:10:57	334.26382	-14.988528	-108.84744
114300970010	231.23975	-35.194443	1956.00123007607	4437.67629331112	4437.69893221424	2012-02-24T16:12:49	2012-02-24T16:45:26	332.46716	-15.433111	-109.00433
114300980010	229.84804	-33.55811	1956.00122984033	4437.70021693726	4437.72285584039	2012-02-24T16:47:19	2012-02-24T17:19:53	331.2805	-16.6365	-110.09404
114300990010	228.50845	-31.897112	1955.00123015663	4437.72441834137	4437.74704567042	2012-02-24T17:22:09	2012-02-24T17:54:43	328.47137	-15.535111	-108.38886
114301000010	227.22054	-30.226723	1955.00123157108	4437.74863131957	4437.77125864864	2012-02-24T17:57:03	2012-02-24T18:29:35	325.69608	-14.196028	-106.4889
114301010010	225.96504	-28.561806	1957.00123628194	4437.77418689122	4437.79683736849	2012-02-24T18:33:51	2012-02-24T19:06:25	326.7672	-18.998333	-111.755585
114301020010	224.75604	-26.871027	1956.00124099874	4437.79811051745	4437.8207494207	2012-02-24T19:08:17	2012-02-24T19:40:49	324.9887	-19.320583	-111.771194
114301030010	223.58392	-25.164083	1957.0012492477	4437.8228096072	4437.84546008462	2012-02-24T19:43:51	2012-02-24T20:16:25	321.81284	-16.943832	-108.78351
114301040010	266.55762	-28.304861	800.000514375279	4437.8561082396	4437.86536750481	2012-02-24T20:31:45	2012-02-24T20:45:05	356.2646	0.5441389	-89.38198
114301050010	266.54343	-28.249695	1822.00117855682	4437.86640917215	4437.88749714875	2012-02-24T20:46:37	2012-02-24T21:16:56	356.26346	0.5210278	-89.408516
114301060010	264.57034	-29.254389	1800.00116979936	4437.88882816814	4437.90966151501	2012-02-24T21:18:53	2012-02-24T21:48:53	354.5627	0.013583334	-89.98442
114301070010	264.58392	-27.25	1801.0011741193	4437.91100410849	4437.93184902949	2012-02-24T21:50:48	2012-02-24T22:20:48	354.9017	-0.617	-90.69402
114301080010	266.51855	-26.252083	1800.00117372838	4437.93316847479	4437.95400182171	2012-02-24T22:22:45	2012-02-24T22:52:45	356.6077	-0.18086112	-90.20164
114301090010	268.4781	-27.21789	1800.0011748285	4437.95534441518	4437.97617776211	2012-02-24T22:54:41	2012-02-24T23:24:40	357.98395	0.9605833	-88.919785
114301100010	268.54166	-29.221916	5271.00343115162	4437.9775087815	4438.03851576565	2012-02-24T23:26:39	2012-02-25T00:54:26	357.5837	1.7119445	-88.03833
