[INFO] Scanning for projects...
[INFO] 
[INFO] ----------------------< MakeScwList:MakeScwList >-----------------------
[INFO] Building Maven Quick Start Archetype 5.1
[INFO] --------------------------------[ jar ]---------------------------------
[INFO] 
[INFO] >>> maven-assembly-plugin:2.2-beta-5:assembly (default-cli) > package @ MakeScwList >>>
[INFO] 
[INFO] --- maven-enforcer-plugin:3.0.0-M3:enforce (enforce-maven) @ MakeScwList ---
[INFO] 
[INFO] --- maven-resources-plugin:2.6:resources (default-resources) @ MakeScwList ---
[WARNING] Using platform encoding (UTF-8 actually) to copy filtered resources, i.e. build is platform dependent!
[INFO] Copying 4 resources
[INFO] 
[INFO] --- maven-compiler-plugin:3.6.2:compile (default-compile) @ MakeScwList ---
[INFO] Changes detected - recompiling the module!
[WARNING] File encoding has not been set, using platform encoding UTF-8, i.e. build is platform dependent!
[INFO] Compiling 9 source files to /Users/gbelanger/dev/MakeScwList/target/classes
[INFO] /Users/gbelanger/dev/MakeScwList/src/main/java/AsciiDataFileWriter.java: Some input files use or override a deprecated API.
[INFO] /Users/gbelanger/dev/MakeScwList/src/main/java/AsciiDataFileWriter.java: Recompile with -Xlint:deprecation for details.
[INFO] 
[INFO] --- maven-resources-plugin:2.6:testResources (default-testResources) @ MakeScwList ---
[INFO] Not copying test resources
[INFO] 
[INFO] --- maven-compiler-plugin:3.6.2:testCompile (default-testCompile) @ MakeScwList ---
[INFO] Not compiling test sources
[INFO] 
[INFO] --- maven-surefire-plugin:2.12.4:test (default-test) @ MakeScwList ---
[INFO] Tests are skipped.
[INFO] 
[INFO] --- maven-jar-plugin:3.2.0:jar (default-jar) @ MakeScwList ---
[INFO] Building jar: /Users/gbelanger/dev/MakeScwList/target/MakeScwList-5.1.jar
[INFO] 
[INFO] <<< maven-assembly-plugin:2.2-beta-5:assembly (default-cli) < package @ MakeScwList <<<
[INFO] 
[INFO] 
[INFO] --- maven-assembly-plugin:2.2-beta-5:assembly (default-cli) @ MakeScwList ---
[INFO] Reading assembly descriptor: src/assemble/distribution.xml
[INFO] META-INF/ already added, skipping
[INFO] META-INF/MANIFEST.MF already added, skipping
[INFO] META-INF/ already added, skipping
[INFO] META-INF/MANIFEST.MF already added, skipping
[INFO] META-INF/ already added, skipping
[INFO] META-INF/MANIFEST.MF already added, skipping
[INFO] META-INF/MANIFEST.MF already added, skipping
[INFO] Building jar: /Users/gbelanger/dev/MakeScwList/target/MakeScwList-5.1-jar-with-dependencies.jar
[INFO] META-INF/ already added, skipping
[INFO] META-INF/MANIFEST.MF already added, skipping
[INFO] META-INF/ already added, skipping
[INFO] META-INF/MANIFEST.MF already added, skipping
[INFO] META-INF/ already added, skipping
[INFO] META-INF/MANIFEST.MF already added, skipping
[INFO] META-INF/MANIFEST.MF already added, skipping
[INFO] META-INF/ already added, skipping
[INFO] META-INF/MANIFEST.MF already added, skipping
[INFO] META-INF/ already added, skipping
[INFO] META-INF/MANIFEST.MF already added, skipping
[INFO] META-INF/ already added, skipping
[INFO] META-INF/MANIFEST.MF already added, skipping
[INFO] META-INF/MANIFEST.MF already added, skipping
[INFO] META-INF/MANIFEST.MF already added, skipping
[INFO] META-INF/ already added, skipping
[INFO] META-INF/maven/ already added, skipping
[INFO] Building jar: /Users/gbelanger/dev/MakeScwList/target/MakeScwList-5.1-bin.jar
[INFO] META-INF/ already added, skipping
[INFO] META-INF/MANIFEST.MF already added, skipping
[INFO] META-INF/ already added, skipping
[INFO] META-INF/MANIFEST.MF already added, skipping
[INFO] META-INF/ already added, skipping
[INFO] META-INF/MANIFEST.MF already added, skipping
[INFO] META-INF/MANIFEST.MF already added, skipping
[INFO] META-INF/MANIFEST.MF already added, skipping
[INFO] META-INF/ already added, skipping
[INFO] META-INF/maven/ already added, skipping
[INFO] 
[INFO] ----------------------< MakeScwList:MakeScwList >-----------------------
[INFO] Building Maven Quick Start Archetype 5.1
[INFO] --------------------------------[ jar ]---------------------------------
[INFO] 
[INFO] --- maven-resources-plugin:2.6:resources (default-cli) @ MakeScwList ---
[WARNING] Using platform encoding (UTF-8 actually) to copy filtered resources, i.e. build is platform dependent!
[INFO] Copying 4 resources
[INFO] ------------------------------------------------------------------------
[INFO] BUILD SUCCESS
[INFO] ------------------------------------------------------------------------
[INFO] Total time:  9.340 s
[INFO] Finished at: 2020-04-01T21:23:33+02:00
[INFO] ------------------------------------------------------------------------
