[INFO] Scanning for projects...
[INFO] 
[INFO] ----------------------< MakeScwList:MakeScwList >-----------------------
[INFO] Building Maven Quick Start Archetype 5.1
[INFO] --------------------------------[ jar ]---------------------------------
[INFO] 
[INFO] --- versions-maven-plugin:2.5:display-plugin-updates (default-cli) @ MakeScwList ---
[INFO] 
[INFO] All plugins with a version specified are using the latest versions.
[INFO] 
[WARNING] The following plugins do not have their version specified:
[WARNING]   maven-assembly-plugin ..................... (from super-pom) 2.0.1
[WARNING]   maven-clean-plugin .......................... (from super-pom) 2.2
[WARNING]   maven-deploy-plugin ......................... (from super-pom) 2.4
[WARNING]   maven-install-plugin ........................ (from super-pom) 2.2
[WARNING]   maven-resources-plugin ...................... (from super-pom) 2.2
[WARNING]   maven-site-plugin .................... (from super-pom) 2.0-beta-4
[WARNING]   maven-surefire-plugin ..................... (from super-pom) 2.4.2
[INFO] 
[WARNING] Project does not define minimum Maven version, default is: 2.0
[INFO] Plugins require minimum Maven version of: 3.0
[INFO] Note: the super-pom from Maven 3.6.3 defines some of the plugin
[INFO]       versions and may be influencing the plugins required minimum Maven
[INFO]       version.
[INFO] 
[ERROR] Project does not define required minimum version of Maven.
[ERROR] Update the pom.xml to contain maven-enforcer-plugin to
[ERROR] force the maven version which is needed to build this project.
[ERROR] See https://maven.apache.org/enforcer/enforcer-rules/requireMavenVersion.html
[ERROR] Using the minimum version of Maven: 3.0
[INFO] 
[INFO] Require Maven 2.0.2 to use the following plugin updates:
[INFO]   maven-site-plugin ........................................ 2.0-beta-7
[INFO] 
[INFO] Require Maven 2.0.4 to use the following plugin updates:
[INFO]   maven-assembly-plugin .................................... 2.2-beta-1
[INFO] 
[INFO] Require Maven 2.0.6 to use the following plugin updates:
[INFO]   maven-assembly-plugin .................................... 2.2-beta-5
[INFO]   maven-clean-plugin .............................................. 2.5
[INFO]   maven-deploy-plugin ........................................... 2.8.1
[INFO]   maven-enforcer-plugin ......................................... 1.3.1
[INFO]   maven-install-plugin .......................................... 2.5.1
[INFO]   maven-jar-plugin ................................................ 2.4
[INFO]   maven-resources-plugin .......................................... 2.6
[INFO]   maven-site-plugin ............................................. 2.0.1
[INFO]   maven-surefire-plugin ......................................... 2.4.3
[INFO] 
[INFO] Require Maven 2.0.9 to use the following plugin updates:
[INFO]   maven-compiler-plugin ........................................... 3.1
[INFO]   maven-surefire-plugin .......................................... 2.17
[INFO] 
[INFO] Require Maven 2.0.11 to use the following plugin updates:
[INFO]   maven-assembly-plugin ........................................... 2.2
[INFO] 
[INFO] Require Maven 2.1.0 to use the following plugin updates:
[INFO]   maven-site-plugin ............................................. 2.1.1
[INFO] 
[INFO] Require Maven 2.2.0 to use the following plugin updates:
[INFO]   maven-site-plugin ............................................... 3.0
[INFO] 
[INFO] Require Maven 2.2.1 to use the following plugin updates:
[INFO]   maven-assembly-plugin ........................................... 2.6
[INFO]   maven-clean-plugin ............................................ 2.6.1
[INFO]   maven-compiler-plugin ........................................... 3.3
[INFO]   maven-deploy-plugin ........................................... 2.8.2
[INFO]   maven-enforcer-plugin ...................................... 3.0.0-M3
[INFO]   maven-install-plugin .......................................... 2.5.2
[INFO]   maven-jar-plugin ................................................ 2.6
[INFO]   maven-resources-plugin .......................................... 2.7
[INFO]   maven-site-plugin ............................................... 3.4
[INFO]   maven-surefire-plugin .......................................... 2.20
[INFO] 
[INFO] Require Maven 3.0 to use the following plugin updates:
[INFO]   maven-assembly-plugin ......................................... 3.1.0
[INFO]   maven-clean-plugin ............................................ 3.1.0
[INFO]   maven-compiler-plugin ......................................... 3.7.0
[INFO]   maven-jar-plugin .............................................. 3.1.0
[INFO]   maven-resources-plugin ........................................ 3.0.2
[INFO]   maven-site-plugin ............................................... 3.7
[INFO]   maven-surefire-plugin ........................................ 2.21.0
[INFO] 
[INFO] ------------------------------------------------------------------------
[INFO] BUILD SUCCESS
[INFO] ------------------------------------------------------------------------
[INFO] Total time:  2.780 s
[INFO] Finished at: 2020-04-01T21:23:37+02:00
[INFO] ------------------------------------------------------------------------
